#
# There is insufficient memory for the Java Runtime Environment to continue.
# Native memory allocation (mmap) failed to map 133169152 bytes for committing reserved memory.
# Possible reasons:
#   The system is out of physical RAM or swap space
#   In 32 bit mode, the process size limit was hit
# Possible solutions:
#   Reduce memory load on the system
#   Increase physical memory or swap space
#   Check if swap backing store is full
#   Use 64 bit Java on a 64 bit OS
#   Decrease Java heap size (-Xmx/-Xms)
#   Decrease number of Java threads
#   Decrease Java thread stack sizes (-Xss)
#   Set larger code cache with -XX:ReservedCodeCacheSize=
# This output file may be truncated or incomplete.
#
#  Out of Memory Error (os_linux.cpp:2671), pid=2719, tid=140140106950400
#
# JRE version: OpenJDK Runtime Environment (8.0_31-b13) (build 1.8.0_31-b13)
# Java VM: OpenJDK 64-Bit Server VM (25.31-b07 mixed mode linux-amd64 compressed oops)
# Failed to write core dump. Core dumps have been disabled. To enable core dumping, try "ulimit -c unlimited" before starting Java again
#

---------------  T H R E A D  ---------------

Current thread (0x00007f7500080800):  VMThread [stack: 0x00007f74e93b2000,0x00007f74e94b3000] [id=2726]

Stack: [0x00007f74e93b2000,0x00007f74e94b3000],  sp=0x00007f74e94b14c0,  free space=1021k
Native frames: (J=compiled Java code, j=interpreted, Vv=VM code, C=native code)
V  [libjvm.so+0xa30617]
V  [libjvm.so+0x4c9d9c]
V  [libjvm.so+0x892010]
V  [libjvm.so+0x88d03e]
V  [libjvm.so+0x8fdd5b]
V  [libjvm.so+0x8ef16a]
V  [libjvm.so+0x8ef320]
V  [libjvm.so+0x8efec8]
V  [libjvm.so+0x8f5394]
V  [libjvm.so+0x8fc365]
V  [libjvm.so+0x8b50a3]
V  [libjvm.so+0xa31e42]
V  [libjvm.so+0xa369a7]
V  [libjvm.so+0xa34f26]
V  [libjvm.so+0xa35616]
V  [libjvm.so+0xa35ae1]
V  [libjvm.so+0x88f262]

VM_Operation (0x00007f74e3cf90b0): ParallelGCFailedAllocation, mode: safepoint, requested by thread 0x00007f74a000c800


---------------  P R O C E S S  ---------------

Java Threads: ( => current thread )
  0x00007f7497934000 JavaThread "Stdin handler" [_thread_blocked, id=10143, stack(0x00007f74e38fb000,0x00007f74e39fc000)]
  0x00007f74a000c800 JavaThread "Daemon worker Thread 33" [_thread_blocked, id=10141, stack(0x00007f74e3bfe000,0x00007f74e3cff000)]
  0x00007f74a000e800 JavaThread "Cancel handler" [_thread_blocked, id=10140, stack(0x00007f74e39fc000,0x00007f74e3afd000)]
  0x00007f74a0001800 JavaThread "Handler for socket connection from /127.0.0.1:48430 to /127.0.0.1:55904" [_thread_in_native, id=10139, stack(0x00007f74e3afd000,0x00007f74e3bfe000)]
  0x00007f74ac026000 JavaThread "Daemon Thread 33" [_thread_blocked, id=10138, stack(0x00007f74e3cff000,0x00007f74e3e00000)]
  0x00007f749ce77800 JavaThread "File lock request listener" [_thread_in_native, id=2745, stack(0x00007f74e2bfa000,0x00007f74e2cfb000)]
  0x00007f7500ac9800 JavaThread "Incoming local TCP Connector on port 48430" [_thread_in_native, id=2735, stack(0x00007f74e80c0000,0x00007f74e81c1000)]
  0x00007f75000d2000 JavaThread "Service Thread" daemon [_thread_blocked, id=2733, stack(0x00007f74e8cab000,0x00007f74e8dac000)]
  0x00007f75000cc800 JavaThread "C1 CompilerThread2" daemon [_thread_blocked, id=2732, stack(0x00007f74e8dac000,0x00007f74e8ead000)]
  0x00007f75000ca800 JavaThread "C2 CompilerThread1" daemon [_thread_blocked, id=2731, stack(0x00007f74e8ead000,0x00007f74e8fae000)]
  0x00007f75000c7800 JavaThread "C2 CompilerThread0" daemon [_thread_blocked, id=2730, stack(0x00007f74e8fae000,0x00007f74e90af000)]
  0x00007f75000bb000 JavaThread "Signal Dispatcher" daemon [_thread_blocked, id=2729, stack(0x00007f74e90af000,0x00007f74e91b0000)]
  0x00007f7500088000 JavaThread "Finalizer" daemon [_thread_blocked, id=2728, stack(0x00007f74e91b0000,0x00007f74e92b1000)]
  0x00007f7500085800 JavaThread "Reference Handler" daemon [_thread_blocked, id=2727, stack(0x00007f74e92b1000,0x00007f74e93b2000)]
  0x00007f7500009000 JavaThread "main" [_thread_blocked, id=2721, stack(0x00007f7507a7b000,0x00007f7507b7c000)]

Other Threads:
=>0x00007f7500080800 VMThread [stack: 0x00007f74e93b2000,0x00007f74e94b3000] [id=2726]
  0x00007f75000d4000 WatcherThread [stack: 0x00007f74e8baa000,0x00007f74e8cab000] [id=2734]

VM state:at safepoint (normal execution)

VM Mutex/Monitor currently owned by a thread:  ([mutex/lock_event])
[0x00007f75000062d0] ExpandHeap_lock - owner thread: 0x00007f7500080800
[0x00007f7500006950] Threads_lock - owner thread: 0x00007f7500080800
[0x00007f7500006e50] Heap_lock - owner thread: 0x00007f74a000c800

Heap:
 PSYoungGen      total 240640K, used 37698K [0x00000000eab00000, 0x0000000100000000, 0x0000000100000000)
  eden space 174080K, 0% used [0x00000000eab00000,0x00000000eab00000,0x00000000f5500000)
  from space 66560K, 56% used [0x00000000fbf00000,0x00000000fe3d09a0,0x0000000100000000)
  to   space 87552K, 0% used [0x00000000f5500000,0x00000000f5500000,0x00000000faa80000)
 ParOldGen       total 304128K, used 303777K [0x00000000c0000000, 0x00000000d2900000, 0x00000000eab00000)
  object space 304128K, 99% used [0x00000000c0000000,0x00000000d28a8700,0x00000000d2900000)
 Metaspace       used 365516K, capacity 377042K, committed 384128K, reserved 1378304K
  class space    used 49646K, capacity 53893K, committed 56192K, reserved 1048576K

Card table byte_map: [0x00007f750461a000,0x00007f750481b000] byte_map_base: 0x00007f750401a000

Marking Bits: (ParMarkBitMap*) 0x00007f7506d66600
 Begin Bits: [0x00007f74ea000000, 0x00007f74eb000000)
 End Bits:   [0x00007f74eb000000, 0x00007f74ec000000)

Polling page: 0x00007f7507ba1000

CodeCache: size=245760Kb used=55045Kb max_used=55058Kb free=190714Kb
 bounds [0x00007f74f1000000, 0x00007f74f4630000, 0x00007f7500000000]
 total_blobs=15035 nmethods=14348 adapters=598
 compilation: enabled

Compilation events (10 events):
Event: 10267.315 Thread 0x00007f75000cc800 21180       1       com.google.common.collect.AbstractMapBasedMultimap::access$000 (5 bytes)
Event: 10267.316 Thread 0x00007f75000cc800 nmethod 21180 0x00007f74f45f8690 code [0x00007f74f45f87e0, 0x00007f74f45f88d0]
Event: 10267.316 Thread 0x00007f75000c7800 21181       4       org.gradle.api.internal.collections.CollectionEventRegister::registerRemoveAction (10 bytes)
Event: 10267.318 Thread 0x00007f75000ca800 21182       4       org.gradle.api.internal.artifacts.configurations.DefaultConfiguration_Decorated::getDescription (26 bytes)
Event: 10267.322 Thread 0x00007f75000c7800 nmethod 21181 0x00007f74f461ce90 code [0x00007f74f461d000, 0x00007f74f461d3c8]
Event: 10267.341 Thread 0x00007f75000ca800 nmethod 21182 0x00007f74f4620050 code [0x00007f74f4620320, 0x00007f74f4621480]
Event: 10267.353 Thread 0x00007f75000c7800 21183       4       sun.misc.ProxyGenerator$ConstantPool::getClass (21 bytes)
Event: 10267.355 Thread 0x00007f75000c7800 nmethod 21183 0x00007f74f460dd90 code [0x00007f74f460df00, 0x00007f74f460e068]
Event: 10267.395 Thread 0x00007f75000ca800 21184       4       com.sun.beans.WildcardTypeImpl::<init> (15 bytes)
Event: 10267.396 Thread 0x00007f75000ca800 nmethod 21184 0x00007f74f203fc10 code [0x00007f74f203fd60, 0x00007f74f203fdd8]

GC Heap History (10 events):
Event: 9944.662 GC heap after
Heap after GC invocations=111 (full 31):
 PSYoungGen      total 282112K, used 24161K [0x00000000eab00000, 0x00000000ffb00000, 0x0000000100000000)
  eden space 219648K, 0% used [0x00000000eab00000,0x00000000eab00000,0x00000000f8180000)
  from space 62464K, 38% used [0x00000000fbe00000,0x00000000fd5987c0,0x00000000ffb00000)
  to   space 61952K, 0% used [0x00000000f8180000,0x00000000f8180000,0x00000000fbe00000)
 ParOldGen       total 304128K, used 282180K [0x00000000c0000000, 0x00000000d2900000, 0x00000000eab00000)
  object space 304128K, 92% used [0x00000000c0000000,0x00000000d1391358,0x00000000d2900000)
 Metaspace       used 339283K, capacity 352622K, committed 354048K, reserved 1351680K
  class space    used 46049K, capacity 50906K, committed 51456K, reserved 1048576K
}
Event: 9962.399 GC heap before
{Heap before GC invocations=112 (full 31):
 PSYoungGen      total 282112K, used 243809K [0x00000000eab00000, 0x00000000ffb00000, 0x0000000100000000)
  eden space 219648K, 100% used [0x00000000eab00000,0x00000000f8180000,0x00000000f8180000)
  from space 62464K, 38% used [0x00000000fbe00000,0x00000000fd5987c0,0x00000000ffb00000)
  to   space 61952K, 0% used [0x00000000f8180000,0x00000000f8180000,0x00000000fbe00000)
 ParOldGen       total 304128K, used 282180K [0x00000000c0000000, 0x00000000d2900000, 0x00000000eab00000)
  object space 304128K, 92% used [0x00000000c0000000,0x00000000d1391358,0x00000000d2900000)
 Metaspace       used 346385K, capacity 360406K, committed 361344K, reserved 1357824K
  class space    used 47074K, capacity 52205K, committed 52608K, reserved 1048576K
Event: 9962.440 GC heap after
Heap after GC invocations=112 (full 31):
 PSYoungGen      total 281600K, used 39363K [0x00000000eab00000, 0x00000000ffe80000, 0x0000000100000000)
  eden space 219648K, 0% used [0x00000000eab00000,0x00000000eab00000,0x00000000f8180000)
  from space 61952K, 63% used [0x00000000f8180000,0x00000000fa7f0ca0,0x00000000fbe00000)
  to   space 61440K, 0% used [0x00000000fc280000,0x00000000fc280000,0x00000000ffe80000)
 ParOldGen       total 304128K, used 282188K [0x00000000c0000000, 0x00000000d2900000, 0x00000000eab00000)
  object space 304128K, 92% used [0x00000000c0000000,0x00000000d1393358,0x00000000d2900000)
 Metaspace       used 346385K, capacity 360406K, committed 361344K, reserved 1357824K
  class space    used 47074K, capacity 52205K, committed 52608K, reserved 1048576K
}
Event: 9972.261 GC heap before
{Heap before GC invocations=113 (full 31):
 PSYoungGen      total 281600K, used 259011K [0x00000000eab00000, 0x00000000ffe80000, 0x0000000100000000)
  eden space 219648K, 100% used [0x00000000eab00000,0x00000000f8180000,0x00000000f8180000)
  from space 61952K, 63% used [0x00000000f8180000,0x00000000fa7f0ca0,0x00000000fbe00000)
  to   space 61440K, 0% used [0x00000000fc280000,0x00000000fc280000,0x00000000ffe80000)
 ParOldGen       total 304128K, used 282188K [0x00000000c0000000, 0x00000000d2900000, 0x00000000eab00000)
  object space 304128K, 92% used [0x00000000c0000000,0x00000000d1393358,0x00000000d2900000)
 Metaspace       used 353565K, capacity 368206K, committed 368640K, reserved 1363968K
  class space    used 48122K, capacity 53512K, committed 53760K, reserved 1048576K
Event: 9972.372 GC heap after
Heap after GC invocations=113 (full 31):
 PSYoungGen      total 277504K, used 53973K [0x00000000eab00000, 0x0000000100000000, 0x0000000100000000)
  eden space 216064K, 0% used [0x00000000eab00000,0x00000000eab00000,0x00000000f7e00000)
  from space 61440K, 87% used [0x00000000fc280000,0x00000000ff735548,0x00000000ffe80000)
  to   space 66560K, 0% used [0x00000000f7e00000,0x00000000f7e00000,0x00000000fbf00000)
 ParOldGen       total 304128K, used 282188K [0x00000000c0000000, 0x00000000d2900000, 0x00000000eab00000)
  object space 304128K, 92% used [0x00000000c0000000,0x00000000d1393358,0x00000000d2900000)
 Metaspace       used 353565K, capacity 368206K, committed 368640K, reserved 1363968K
  class space    used 48122K, capacity 53512K, committed 53760K, reserved 1048576K
}
Event: 9979.306 GC heap before
{Heap before GC invocations=114 (full 31):
 PSYoungGen      total 277504K, used 270037K [0x00000000eab00000, 0x0000000100000000, 0x0000000100000000)
  eden space 216064K, 100% used [0x00000000eab00000,0x00000000f7e00000,0x00000000f7e00000)
  from space 61440K, 87% used [0x00000000fc280000,0x00000000ff735548,0x00000000ffe80000)
  to   space 66560K, 0% used [0x00000000f7e00000,0x00000000f7e00000,0x00000000fbf00000)
 ParOldGen       total 304128K, used 282188K [0x00000000c0000000, 0x00000000d2900000, 0x00000000eab00000)
  object space 304128K, 92% used [0x00000000c0000000,0x00000000d1393358,0x00000000d2900000)
 Metaspace       used 360811K, capacity 376098K, committed 376320K, reserved 1370112K
  class space    used 49175K, capacity 54847K, committed 55040K, reserved 1048576K
Event: 9979.389 GC heap after
Heap after GC invocations=114 (full 31):
 PSYoungGen      total 282624K, used 66548K [0x00000000eab00000, 0x0000000100000000, 0x0000000100000000)
  eden space 216064K, 0% used [0x00000000eab00000,0x00000000eab00000,0x00000000f7e00000)
  from space 66560K, 99% used [0x00000000f7e00000,0x00000000fbefd2a0,0x00000000fbf00000)
  to   space 66560K, 0% used [0x00000000fbf00000,0x00000000fbf00000,0x0000000100000000)
 ParOldGen       total 304128K, used 283869K [0x00000000c0000000, 0x00000000d2900000, 0x00000000eab00000)
  object space 304128K, 93% used [0x00000000c0000000,0x00000000d1537798,0x00000000d2900000)
 Metaspace       used 360811K, capacity 376098K, committed 376320K, reserved 1370112K
  class space    used 49175K, capacity 54847K, committed 55040K, reserved 1048576K
}
Event: 10267.396 GC heap before
{Heap before GC invocations=115 (full 31):
 PSYoungGen      total 282624K, used 282612K [0x00000000eab00000, 0x0000000100000000, 0x0000000100000000)
  eden space 216064K, 100% used [0x00000000eab00000,0x00000000f7e00000,0x00000000f7e00000)
  from space 66560K, 99% used [0x00000000f7e00000,0x00000000fbefd2a0,0x00000000fbf00000)
  to   space 66560K, 0% used [0x00000000fbf00000,0x00000000fbf00000,0x0000000100000000)
 ParOldGen       total 304128K, used 283869K [0x00000000c0000000, 0x00000000d2900000, 0x00000000eab00000)
  object space 304128K, 93% used [0x00000000c0000000,0x00000000d1537798,0x00000000d2900000)
 Metaspace       used 367932K, capacity 383888K, committed 384128K, reserved 1378304K
  class space    used 50213K, capacity 56152K, committed 56192K, reserved 1048576K
Event: 10267.490 GC heap after
Heap after GC invocations=115 (full 31):
 PSYoungGen      total 240640K, used 66554K [0x00000000eab00000, 0x0000000100000000, 0x0000000100000000)
  eden space 174080K, 0% used [0x00000000eab00000,0x00000000eab00000,0x00000000f5500000)
  from space 66560K, 99% used [0x00000000fbf00000,0x00000000ffffeb30,0x0000000100000000)
  to   space 87552K, 0% used [0x00000000f5500000,0x00000000f5500000,0x00000000faa80000)
 ParOldGen       total 304128K, used 299473K [0x00000000c0000000, 0x00000000d2900000, 0x00000000eab00000)
  object space 304128K, 98% used [0x00000000c0000000,0x00000000d2474530,0x00000000d2900000)
 Metaspace       used 367932K, capacity 383888K, committed 384128K, reserved 1378304K
  class space    used 50213K, capacity 56152K, committed 56192K, reserved 1048576K
}
Event: 10267.490 GC heap before
{Heap before GC invocations=116 (full 32):
 PSYoungGen      total 240640K, used 66554K [0x00000000eab00000, 0x0000000100000000, 0x0000000100000000)
  eden space 174080K, 0% used [0x00000000eab00000,0x00000000eab00000,0x00000000f5500000)
  from space 66560K, 99% used [0x00000000fbf00000,0x00000000ffffeb30,0x0000000100000000)
  to   space 87552K, 0% used [0x00000000f5500000,0x00000000f5500000,0x00000000faa80000)
 ParOldGen       total 304128K, used 299473K [0x00000000c0000000, 0x00000000d2900000, 0x00000000eab00000)
  object space 304128K, 98% used [0x00000000c0000000,0x00000000d2474530,0x00000000d2900000)
 Metaspace       used 367932K, capacity 383888K, committed 384128K, reserved 1378304K
  class space    used 50213K, capacity 56152K, committed 56192K, reserved 1048576K

Deoptimization events (10 events):
Event: 7675.024 Thread 0x00007f74a000e800 Uncommon trap: reason=array_check action=maybe_recompile pc=0x00007f74f1695e10 method=java.util.ComparableTimSort.mergeHi(IIII)V @ 415
Event: 7675.074 Thread 0x00007f74a000e800 Uncommon trap: reason=array_check action=maybe_recompile pc=0x00007f74f1695ec4 method=java.util.ComparableTimSort.mergeHi(IIII)V @ 654
Event: 7675.357 Thread 0x00007f74a000e800 Uncommon trap: reason=array_check action=maybe_recompile pc=0x00007f74f3f5ae50 method=java.util.TimSort.mergeHi(IIII)V @ 524
Event: 7748.945 Thread 0x00007f74a000e800 Uncommon trap: reason=array_check action=maybe_recompile pc=0x00007f74f3f5ae50 method=java.util.TimSort.mergeHi(IIII)V @ 524
Event: 7750.595 Thread 0x00007f74a000e800 Uncommon trap: reason=array_check action=maybe_recompile pc=0x00007f74f334b004 method=java.util.ComparableTimSort.mergeHi(IIII)V @ 521
Event: 7844.819 Thread 0x00007f74a000e800 Uncommon trap: reason=array_check action=maybe_recompile pc=0x00007f74f334b004 method=java.util.ComparableTimSort.mergeHi(IIII)V @ 521
Event: 7877.289 Thread 0x00007f74a000e800 Uncommon trap: reason=unreached action=reinterpret pc=0x00007f74f220c158 method=com.sun.tools.javac.jvm.Code.width(Lcom/sun/tools/javac/code/Type;)I @ 1
Event: 9664.018 Thread 0x00007f74a000e800 Uncommon trap: reason=null_check action=make_not_entrant pc=0x00007f74f4504e4c method=org.codehaus.groovy.runtime.callsite.CallSiteGenerator.publicParams(Lorg/codehaus/groovy/reflection/CachedMethod;)Z @ 22
Event: 9943.814 Thread 0x00007f74a000e800 Uncommon trap: reason=array_check action=maybe_recompile pc=0x00007f74f4578c34 method=java.util.TimSort.reverseRange([Ljava/lang/Object;II)V @ 27
Event: 9944.115 Thread 0x00007f74a000e800 Uncommon trap: reason=array_check action=maybe_recompile pc=0x00007f74f4578c34 method=java.util.TimSort.reverseRange([Ljava/lang/Object;II)V @ 27

Internal exceptions (10 events):
Event: 10267.394 Thread 0x00007f74a000c800 Exception <a 'java/security/PrivilegedActionException'> (0x00000000f7d38468) thrown at [/builddir/build/BUILD/java-1.8.0-openjdk-1.8.0.31-5.b13.fc21.x86_64/jdk8/hotspot/src/share/vm/prims/jvm.cpp, line 1312]
Event: 10267.394 Thread 0x00007f74a000c800 Exception <a 'java/security/PrivilegedActionException'> (0x00000000f7d39918) thrown at [/builddir/build/BUILD/java-1.8.0-openjdk-1.8.0.31-5.b13.fc21.x86_64/jdk8/hotspot/src/share/vm/prims/jvm.cpp, line 1312]
Event: 10267.394 Thread 0x00007f74a000c800 Exception <a 'java/security/PrivilegedActionException'> (0x00000000f7d3adc8) thrown at [/builddir/build/BUILD/java-1.8.0-openjdk-1.8.0.31-5.b13.fc21.x86_64/jdk8/hotspot/src/share/vm/prims/jvm.cpp, line 1312]
Event: 10267.394 Thread 0x00007f74a000c800 Exception <a 'java/security/PrivilegedActionException'> (0x00000000f7d41280) thrown at [/builddir/build/BUILD/java-1.8.0-openjdk-1.8.0.31-5.b13.fc21.x86_64/jdk8/hotspot/src/share/vm/prims/jvm.cpp, line 1312]
Event: 10267.394 Thread 0x00007f74a000c800 Exception <a 'java/lang/ClassNotFoundException': com/android/build/gradle/internal/tasks/NdkTaskCustomizer> (0x00000000f7d41988) thrown at [/builddir/build/BUILD/java-1.8.0-openjdk-1.8.0.31-5.b13.fc21.x86_64/jdk8/hotspot/src/share/vm/classfile/systemDicti
Event: 10267.395 Thread 0x00007f74a000c800 Exception <a 'java/security/PrivilegedActionException'> (0x00000000f7d8f118) thrown at [/builddir/build/BUILD/java-1.8.0-openjdk-1.8.0.31-5.b13.fc21.x86_64/jdk8/hotspot/src/share/vm/prims/jvm.cpp, line 1312]
Event: 10267.395 Thread 0x00007f74a000c800 Exception <a 'java/security/PrivilegedActionException'> (0x00000000f7d905e8) thrown at [/builddir/build/BUILD/java-1.8.0-openjdk-1.8.0.31-5.b13.fc21.x86_64/jdk8/hotspot/src/share/vm/prims/jvm.cpp, line 1312]
Event: 10267.395 Thread 0x00007f74a000c800 Exception <a 'java/security/PrivilegedActionException'> (0x00000000f7d917b0) thrown at [/builddir/build/BUILD/java-1.8.0-openjdk-1.8.0.31-5.b13.fc21.x86_64/jdk8/hotspot/src/share/vm/prims/jvm.cpp, line 1312]
Event: 10267.395 Thread 0x00007f74a000c800 Exception <a 'java/security/PrivilegedActionException'> (0x00000000f7d97dd8) thrown at [/builddir/build/BUILD/java-1.8.0-openjdk-1.8.0.31-5.b13.fc21.x86_64/jdk8/hotspot/src/share/vm/prims/jvm.cpp, line 1312]
Event: 10267.395 Thread 0x00007f74a000c800 Exception <a 'java/lang/ClassNotFoundException': com/android/build/gradle/tasks/RenderscriptCompileCustomizer> (0x00000000f7d984e0) thrown at [/builddir/build/BUILD/java-1.8.0-openjdk-1.8.0.31-5.b13.fc21.x86_64/jdk8/hotspot/src/share/vm/classfile/systemDi

Events (10 events):
Event: 10267.394 loading class com/android/build/gradle/internal/tasks/NdkTaskBeanInfo done
Event: 10267.394 loading class com/android/build/gradle/internal/tasks/NdkTaskCustomizer
Event: 10267.394 loading class com/android/build/gradle/internal/tasks/NdkTaskCustomizer done
Event: 10267.394 loading class com/android/build/gradle/internal/tasks/NdkTaskCustomizer
Event: 10267.394 loading class com/android/build/gradle/internal/tasks/NdkTaskCustomizer done
Event: 10267.395 loading class com/android/build/gradle/tasks/RenderscriptCompileCustomizer
Event: 10267.395 loading class com/android/build/gradle/tasks/RenderscriptCompileCustomizer done
Event: 10267.395 loading class com/android/build/gradle/tasks/RenderscriptCompileCustomizer
Event: 10267.395 loading class com/android/build/gradle/tasks/RenderscriptCompileCustomizer done
Event: 10267.396 Executing VM operation: ParallelGCFailedAllocation


Dynamic libraries:
00400000-00401000 r-xp 00000000 fd:00 404281                             /usr/lib/jvm/java-1.8.0-openjdk-1.8.0.31-5.b13.fc21.x86_64/bin/java
00600000-00601000 r--p 00000000 fd:00 404281                             /usr/lib/jvm/java-1.8.0-openjdk-1.8.0.31-5.b13.fc21.x86_64/bin/java
00601000-00602000 rw-p 00001000 fd:00 404281                             /usr/lib/jvm/java-1.8.0-openjdk-1.8.0.31-5.b13.fc21.x86_64/bin/java
01887000-018a8000 rw-p 00000000 00:00 0                                  [heap]
c0000000-d2900000 rw-p 00000000 00:00 0 
da800000-eab00000 ---p 00000000 00:00 0 
eab00000-100000000 rw-p 00000000 00:00 0 
100000000-1036e0000 rw-p 00000000 00:00 0 
1036e0000-140000000 ---p 00000000 00:00 0 
7f7457c17000-7f7458040000 rw-p 00000000 00:00 0 
7f7458040000-7f7458200000 ---p 00000000 00:00 0 
7f7458200000-7f7458400000 rw-p 00000000 00:00 0 
7f7458400000-7f7458600000 rw-p 00000000 00:00 0 
7f7458600000-7f7458800000 rw-p 00000000 00:00 0 
7f7458800000-7f7458a00000 rw-p 00000000 00:00 0 
7f7458a00000-7f7458c00000 rw-p 00000000 00:00 0 
7f7458c00000-7f7458e00000 rw-p 00000000 00:00 0 
7f7458e00000-7f7459000000 rw-p 00000000 00:00 0 
7f7459000000-7f7459200000 rw-p 00000000 00:00 0 
7f7459200000-7f7459400000 rw-p 00000000 00:00 0 
7f7459400000-7f7459600000 rw-p 00000000 00:00 0 
7f7459600000-7f7459800000 rw-p 00000000 00:00 0 
7f7459800000-7f7459a00000 rw-p 00000000 00:00 0 
7f7459a00000-7f7459c00000 rw-p 00000000 00:00 0 
7f7459c00000-7f7459e00000 rw-p 00000000 00:00 0 
7f7459e00000-7f745a000000 rw-p 00000000 00:00 0 
7f745a000000-7f745a200000 rw-p 00000000 00:00 0 
7f745a200000-7f745a400000 rw-p 00000000 00:00 0 
7f745a400000-7f745a600000 rw-p 00000000 00:00 0 
7f745a600000-7f745a800000 rw-p 00000000 00:00 0 
7f745a800000-7f745aa00000 rw-p 00000000 00:00 0 
7f745aa00000-7f745ac00000 rw-p 00000000 00:00 0 
7f745ac00000-7f745ae00000 rw-p 00000000 00:00 0 
7f745ae00000-7f745b000000 rw-p 00000000 00:00 0 
7f745b000000-7f745b200000 rw-p 00000000 00:00 0 
7f745b200000-7f745b400000 rw-p 00000000 00:00 0 
7f745b400000-7f745b600000 rw-p 00000000 00:00 0 
7f745b600000-7f745b800000 rw-p 00000000 00:00 0 
7f745b800000-7f745ba00000 rw-p 00000000 00:00 0 
7f745ba00000-7f745bc00000 rw-p 00000000 00:00 0 
7f745bc00000-7f745be00000 rw-p 00000000 00:00 0 
7f745be00000-7f745c000000 rw-p 00000000 00:00 0 
7f745c000000-7f745c200000 rw-p 00000000 00:00 0 
7f745c200000-7f745c400000 rw-p 00000000 00:00 0 
7f745c400000-7f745c600000 rw-p 00000000 00:00 0 
7f745c600000-7f745c800000 rw-p 00000000 00:00 0 
7f745c800000-7f745ca00000 rw-p 00000000 00:00 0 
7f745ca00000-7f745cc00000 rw-p 00000000 00:00 0 
7f745cc00000-7f745ce00000 rw-p 00000000 00:00 0 
7f745ce00000-7f745d000000 rw-p 00000000 00:00 0 
7f745d000000-7f745d200000 rw-p 00000000 00:00 0 
7f745d200000-7f745d400000 rw-p 00000000 00:00 0 
7f745d400000-7f745d600000 rw-p 00000000 00:00 0 
7f745d600000-7f745d800000 rw-p 00000000 00:00 0 
7f745d800000-7f745da00000 rw-p 00000000 00:00 0 
7f745da00000-7f745dc00000 rw-p 00000000 00:00 0 
7f745dc00000-7f745de00000 rw-p 00000000 00:00 0 
7f745de00000-7f745e000000 rw-p 00000000 00:00 0 
7f745e000000-7f745e200000 rw-p 00000000 00:00 0 
7f745e200000-7f745e400000 rw-p 00000000 00:00 0 
7f745e400000-7f745e600000 rw-p 00000000 00:00 0 
7f745e600000-7f745e800000 rw-p 00000000 00:00 0 
7f745e800000-7f745ea00000 rw-p 00000000 00:00 0 
7f745ea00000-7f745ec00000 rw-p 00000000 00:00 0 
7f745ec00000-7f745ee00000 rw-p 00000000 00:00 0 
7f745ee00000-7f745f000000 rw-p 00000000 00:00 0 
7f745f000000-7f745f200000 rw-p 00000000 00:00 0 
7f745f200000-7f745f400000 rw-p 00000000 00:00 0 
7f745f400000-7f745f600000 rw-p 00000000 00:00 0 
7f745f600000-7f745f800000 rw-p 00000000 00:00 0 
7f745f800000-7f745fa00000 rw-p 00000000 00:00 0 
7f745fa00000-7f745fc00000 rw-p 00000000 00:00 0 
7f745fc00000-7f745fe00000 rw-p 00000000 00:00 0 
7f745fe00000-7f7460000000 rw-p 00000000 00:00 0 
7f7460000000-7f7460200000 rw-p 00000000 00:00 0 
7f7460200000-7f7460400000 rw-p 00000000 00:00 0 
7f7460400000-7f7460600000 rw-p 00000000 00:00 0 
7f7460600000-7f7460800000 rw-p 00000000 00:00 0 
7f7460800000-7f7460a00000 rw-p 00000000 00:00 0 
7f7460a00000-7f7460c00000 rw-p 00000000 00:00 0 
7f7460c00000-7f7460e00000 rw-p 00000000 00:00 0 
7f7460e00000-7f7461000000 rw-p 00000000 00:00 0 
7f7461000000-7f7461200000 rw-p 00000000 00:00 0 
7f7461200000-7f7461400000 rw-p 00000000 00:00 0 
7f7461400000-7f7461600000 rw-p 00000000 00:00 0 
7f7461600000-7f7461800000 rw-p 00000000 00:00 0 
7f7461800000-7f7461a00000 rw-p 00000000 00:00 0 
7f7461a00000-7f7461c00000 rw-p 00000000 00:00 0 
7f7461c00000-7f7461e00000 rw-p 00000000 00:00 0 
7f7461e00000-7f7462000000 rw-p 00000000 00:00 0 
7f7462000000-7f7462200000 rw-p 00000000 00:00 0 
7f7462200000-7f7462400000 rw-p 00000000 00:00 0 
7f7462400000-7f7462600000 rw-p 00000000 00:00 0 
7f7462600000-7f7462800000 rw-p 00000000 00:00 0 
7f7462800000-7f7462a00000 rw-p 00000000 00:00 0 
7f7462a00000-7f7462c00000 rw-p 00000000 00:00 0 
7f7462c00000-7f7462e00000 rw-p 00000000 00:00 0 
7f7462e00000-7f7463000000 rw-p 00000000 00:00 0 
7f7463000000-7f7463200000 rw-p 00000000 00:00 0 
7f7463200000-7f7463400000 rw-p 00000000 00:00 0 
7f7463400000-7f7463600000 rw-p 00000000 00:00 0 
7f7463600000-7f7463800000 rw-p 00000000 00:00 0 
7f7463800000-7f7463a00000 rw-p 00000000 00:00 0 
7f7463a00000-7f7463c00000 rw-p 00000000 00:00 0 
7f7463c00000-7f7463e00000 rw-p 00000000 00:00 0 
7f7463e00000-7f7464000000 rw-p 00000000 00:00 0 
7f7464000000-7f7464200000 rw-p 00000000 00:00 0 
7f7464200000-7f7464400000 rw-p 00000000 00:00 0 
7f7464400000-7f7464600000 rw-p 00000000 00:00 0 
7f7464600000-7f7464800000 rw-p 00000000 00:00 0 
7f7464800000-7f7464a00000 rw-p 00000000 00:00 0 
7f7464a00000-7f7464c00000 rw-p 00000000 00:00 0 
7f7464c00000-7f7464e00000 rw-p 00000000 00:00 0 
7f7464e00000-7f7465000000 rw-p 00000000 00:00 0 
7f7465000000-7f7465200000 rw-p 00000000 00:00 0 
7f7465200000-7f7465400000 rw-p 00000000 00:00 0 
7f7465400000-7f7465600000 rw-p 00000000 00:00 0 
7f7465600000-7f7465800000 rw-p 00000000 00:00 0 
7f7465800000-7f7465a00000 rw-p 00000000 00:00 0 
7f7465a00000-7f7465c00000 rw-p 00000000 00:00 0 
7f7465c00000-7f7465e00000 rw-p 00000000 00:00 0 
7f7465e00000-7f7466000000 rw-p 00000000 00:00 0 
7f7466000000-7f7466200000 rw-p 00000000 00:00 0 
7f7466200000-7f7466400000 rw-p 00000000 00:00 0 
7f7466400000-7f7466600000 rw-p 00000000 00:00 0 
7f7466600000-7f7466800000 rw-p 00000000 00:00 0 
7f7466800000-7f7466a00000 rw-p 00000000 00:00 0 
7f7466a00000-7f7466c00000 rw-p 00000000 00:00 0 
7f7466c00000-7f7467000000 rw-p 00000000 00:00 0 
7f7467000000-7f7467200000 rw-p 00000000 00:00 0 
7f7467200000-7f7467600000 rw-p 00000000 00:00 0 
7f7467600000-7f7467800000 rw-p 00000000 00:00 0 
7f7467800000-7f7467c00000 rw-p 00000000 00:00 0 
7f7467c00000-7f7467e00000 rw-p 00000000 00:00 0 
7f7467e00000-7f7468000000 rw-p 00000000 00:00 0 
7f7468000000-7f7468021000 rw-p 00000000 00:00 0 
7f7468021000-7f746c000000 ---p 00000000 00:00 0 
7f746c000000-7f746c5df000 rw-p 00000000 00:00 0 
7f746c5df000-7f7470000000 ---p 00000000 00:00 0 
7f7470000000-7f7470021000 rw-p 00000000 00:00 0 
7f7470021000-7f7474000000 ---p 00000000 00:00 0 
7f7474000000-7f7474021000 rw-p 00000000 00:00 0 
7f7474021000-7f7478000000 ---p 00000000 00:00 0 
7f7478000000-7f7478021000 rw-p 00000000 00:00 0 
7f7478021000-7f747c000000 ---p 00000000 00:00 0 
7f747c000000-7f747c021000 rw-p 00000000 00:00 0 
7f747c021000-7f7480000000 ---p 00000000 00:00 0 
7f7480000000-7f7480022000 rw-p 00000000 00:00 0 
7f7480022000-7f7484000000 ---p 00000000 00:00 0 
7f7484000000-7f7484021000 rw-p 00000000 00:00 0 
7f7484021000-7f7488000000 ---p 00000000 00:00 0 
7f7488000000-7f7488021000 rw-p 00000000 00:00 0 
7f7488021000-7f748c000000 ---p 00000000 00:00 0 
7f748c000000-7f748c021000 rw-p 00000000 00:00 0 
7f748c021000-7f7490000000 ---p 00000000 00:00 0 
7f7490000000-7f7490021000 rw-p 00000000 00:00 0 
7f7490021000-7f7494000000 ---p 00000000 00:00 0 
7f7494000000-7f7497f64000 rw-p 00000000 00:00 0 
7f7497f64000-7f7498000000 ---p 00000000 00:00 0 
7f7498000000-7f7498021000 rw-p 00000000 00:00 0 
7f7498021000-7f749c000000 ---p 00000000 00:00 0 
7f749c000000-7f749d6fa000 rw-p 00000000 00:00 0 
7f749d6fa000-7f74a0000000 ---p 00000000 00:00 0 
7f74a0000000-7f74a0038000 rw-p 00000000 00:00 0 
7f74a0038000-7f74a4000000 ---p 00000000 00:00 0 
7f74a4000000-7f74a4021000 rw-p 00000000 00:00 0 
7f74a4021000-7f74a8000000 ---p 00000000 00:00 0 
7f74a8000000-7f74a8021000 rw-p 00000000 00:00 0 
7f74a8021000-7f74ac000000 ---p 00000000 00:00 0 
7f74ac000000-7f74ac02c000 rw-p 00000000 00:00 0 
7f74ac02c000-7f74b0000000 ---p 00000000 00:00 0 
7f74b0000000-7f74b0e22000 rw-p 00000000 00:00 0 
7f74b0e22000-7f74b4000000 ---p 00000000 00:00 0 
7f74b4000000-7f74b4021000 rw-p 00000000 00:00 0 
7f74b4021000-7f74b8000000 ---p 00000000 00:00 0 
7f74b8000000-7f74b9973000 rw-p 00000000 00:00 0 
7f74b9973000-7f74bc000000 ---p 00000000 00:00 0 
7f74bc000000-7f74bdf6a000 rw-p 00000000 00:00 0 
7f74bdf6a000-7f74c0000000 ---p 00000000 00:00 0 
7f74c0000000-7f74c0021000 rw-p 00000000 00:00 0 
7f74c0021000-7f74c4000000 ---p 00000000 00:00 0 
7f74c408d000-7f74c428d000 rw-p 00000000 00:00 0 
7f74c428d000-7f74c448d000 rw-p 00000000 00:00 0 
7f74c448d000-7f74c468d000 rw-p 00000000 00:00 0 
7f74c468d000-7f74c488d000 rw-p 00000000 00:00 0 
7f74c488d000-7f74c4c8d000 rw-p 00000000 00:00 0 
7f74c4c8d000-7f74c4e8d000 rw-p 00000000 00:00 0 
7f74c4e8d000-7f74c508d000 rw-p 00000000 00:00 0 
7f74c508d000-7f74c528d000 rw-p 00000000 00:00 0 
7f74c528d000-7f74c548d000 rw-p 00000000 00:00 0 
7f74c548d000-7f74c568d000 rw-p 00000000 00:00 0 
7f74c568d000-7f74c588d000 rw-p 00000000 00:00 0 
7f74c588d000-7f74c5a8d000 rw-p 00000000 00:00 0 
7f74c5a8d000-7f74cc000000 r--p 00000000 fd:00 410551                     /usr/lib/locale/locale-archive
7f74cc000000-7f74cc021000 rw-p 00000000 00:00 0 
7f74cc021000-7f74d0000000 ---p 00000000 00:00 0 
7f74d0000000-7f74d0021000 rw-p 00000000 00:00 0 
7f74d0021000-7f74d4000000 ---p 00000000 00:00 0 
7f74d4000000-7f74d4024000 rw-p 00000000 00:00 0 
7f74d4024000-7f74d8000000 ---p 00000000 00:00 0 
7f74d8000000-7f74d84bf000 rw-p 00000000 00:00 0 
7f74d84bf000-7f74dc000000 ---p 00000000 00:00 0 
7f74dc000000-7f74dc025000 rw-p 00000000 00:00 0 
7f74dc025000-7f74e0000000 ---p 00000000 00:00 0 
7f74e0030000-7f74e0032000 r--s 0001b000 fd:00 1080049                    /home/cschroeder/android-development/android-studio/plugins/gradle/lib/gradle-tooling-extension-impl.jar
7f74e0129000-7f74e032a000 rw-p 00000000 00:00 0 
7f74e032a000-7f74e032d000 ---p 00000000 00:00 0 
7f74e032d000-7f74e042b000 rw-p 00000000 00:00 0 
7f74e042b000-7f74e042e000 ---p 00000000 00:00 0 
7f74e042e000-7f74e052c000 rw-p 00000000 00:00 0 
7f74e052c000-7f74e052f000 ---p 00000000 00:00 0 
7f74e052f000-7f74e062d000 rw-p 00000000 00:00 0 
7f74e062d000-7f74e0630000 ---p 00000000 00:00 0 
7f74e0630000-7f74e072e000 rw-p 00000000 00:00 0 
7f74e072e000-7f74e0731000 ---p 00000000 00:00 0 
7f74e0731000-7f74e082f000 rw-p 00000000 00:00 0 
7f74e082f000-7f74e0832000 ---p 00000000 00:00 0 
7f74e0832000-7f74e0930000 rw-p 00000000 00:00 0 
7f74e0930000-7f74e0933000 ---p 00000000 00:00 0 
7f74e0933000-7f74e0a31000 rw-p 00000000 00:00 0 
7f74e0a31000-7f74e0a34000 ---p 00000000 00:00 0 
7f74e0a34000-7f74e0b32000 rw-p 00000000 00:00 0 
7f74e0b32000-7f74e0b35000 ---p 00000000 00:00 0 
7f74e0b35000-7f74e0c33000 rw-p 00000000 00:00 0 
7f74e0c33000-7f74e0c36000 ---p 00000000 00:00 0 
7f74e0c36000-7f74e0d34000 rw-p 00000000 00:00 0 
7f74e0d34000-7f74e0d37000 ---p 00000000 00:00 0 
7f74e0d37000-7f74e0e35000 rw-p 00000000 00:00 0 
7f74e0e35000-7f74e0e38000 ---p 00000000 00:00 0 
7f74e0e38000-7f74e0f36000 rw-p 00000000 00:00 0 
7f74e0f36000-7f74e0f39000 ---p 00000000 00:00 0 
7f74e0f39000-7f74e1037000 rw-p 00000000 00:00 0 
7f74e1037000-7f74e103a000 ---p 00000000 00:00 0 
7f74e103a000-7f74e1070000 rw-p 00000000 00:00 0 
7f74e1070000-7f74e1073000 ---p 00000000 00:00 0 
7f74e1073000-7f74e10a9000 rw-p 00000000 00:00 0 
7f74e10a9000-7f74e10ac000 ---p 00000000 00:00 0 
7f74e10ac000-7f74e11aa000 rw-p 00000000 00:00 0 
7f74e11aa000-7f74e11ad000 ---p 00000000 00:00 0 
7f74e11ad000-7f74e11e3000 rw-p 00000000 00:00 0 
7f74e11e3000-7f74e11e6000 ---p 00000000 00:00 0 
7f74e11e6000-7f74e12e4000 rw-p 00000000 00:00 0 
7f74e12e4000-7f74e12e7000 ---p 00000000 00:00 0 
7f74e12e7000-7f74e13e5000 rw-p 00000000 00:00 0 
7f74e13e5000-7f74e13e8000 ---p 00000000 00:00 0 
7f74e13e8000-7f74e14e6000 rw-p 00000000 00:00 0 
7f74e14e6000-7f74e14e9000 ---p 00000000 00:00 0 
7f74e14e9000-7f74e15e7000 rw-p 00000000 00:00 0 
7f74e15e7000-7f74e15ea000 ---p 00000000 00:00 0 
7f74e15ea000-7f74e16e8000 rw-p 00000000 00:00 0 
7f74e16e8000-7f74e16eb000 ---p 00000000 00:00 0 
7f74e16eb000-7f74e17e9000 rw-p 00000000 00:00 0 
7f74e17e9000-7f74e17ec000 ---p 00000000 00:00 0 
7f74e17ec000-7f74e18ea000 rw-p 00000000 00:00 0 
7f74e18ea000-7f74e18ed000 ---p 00000000 00:00 0 
7f74e18ed000-7f74e19eb000 rw-p 00000000 00:00 0 
7f74e19eb000-7f74e19ee000 ---p 00000000 00:00 0 
7f74e19ee000-7f74e1cec000 rw-p 00000000 00:00 0 
7f74e1cec000-7f74e1cff000 r--s 00345000 fd:00 403521                     /usr/lib/jvm/java-1.8.0-openjdk-1.8.0.31-5.b13.fc21.x86_64/jre/lib/resources.jar
7f74e1cff000-7f74e1eff000 rw-p 00000000 00:00 0 
7f74e1eff000-7f74e20ff000 rw-p 00000000 00:00 0 
7f74e20ff000-7f74e22ff000 rw-p 00000000 00:00 0 
7f74e22ff000-7f74e24ff000 rw-p 00000000 00:00 0 
7f74e24ff000-7f74e26ff000 rw-p 00000000 00:00 0 
7f74e26ff000-7f74e2701000 r--s 0000d000 fd:00 939343                     /home/cschroeder/android-development/android-studio/gradle/m2repository/commons-codec/commons-codec/1.4/commons-codec-1.4.jar
7f74e2701000-7f74e2703000 r--s 0000d000 fd:00 939065                     /home/cschroeder/android-development/android-studio/gradle/m2repository/commons-logging/commons-logging/1.1.1/commons-logging-1.1.1.jar
7f74e2703000-7f74e2708000 r--s 00028000 fd:00 939114                     /home/cschroeder/android-development/android-studio/gradle/m2repository/org/apache/httpcomponents/httpcore/4.1/httpcore-4.1.jar
7f74e2708000-7f74e2710000 r--s 000a8000 fd:00 1079762                    /home/cschroeder/android-development/android-studio/gradle/m2repository/com/android/tools/external/lombok/lombok-ast/0.2.3/lombok-ast-0.2.3.jar
7f74e2710000-7f74e273b000 r--s 001f9000 fd:00 939317                     /home/cschroeder/android-development/android-studio/gradle/m2repository/com/google/guava/guava/17.0/guava-17.0.jar
7f74e273b000-7f74e2742000 r--s 00053000 fd:00 939159                     /home/cschroeder/android-development/android-studio/gradle/m2repository/org/apache/commons/commons-compress/1.8.1/commons-compress-1.8.1.jar
7f74e2742000-7f74e2745000 r--s 00012000 fd:00 1079779                    /home/cschroeder/android-development/android-studio/gradle/m2repository/com/android/tools/layoutlib/layoutlib-api/24.1.0/layoutlib-api-24.1.0.jar
7f74e2745000-7f74e2747000 r--s 00005000 fd:00 939105                     /home/cschroeder/android-development/android-studio/gradle/m2repository/org/apache/httpcomponents/httpmime/4.1/httpmime-4.1.jar
7f74e2747000-7f74e274f000 r--s 0004e000 fd:00 939124                     /home/cschroeder/android-development/android-studio/gradle/m2repository/org/apache/httpcomponents/httpclient/4.1.1/httpclient-4.1.1.jar
7f74e274f000-7f74e2750000 r--s 00005000 fd:00 1079796                    /home/cschroeder/android-development/android-studio/gradle/m2repository/com/android/tools/dvlib/24.1.0/dvlib-24.1.0.jar
7f74e2750000-7f74e2751000 r--s 0000a000 fd:00 1079938                    /home/cschroeder/android-development/android-studio/gradle/m2repository/net/sf/kxml/kxml2/2.3.0/kxml2-2.3.0.jar
7f74e2751000-7f74e2752000 r--s 00001000 fd:00 1079774                    /home/cschroeder/android-development/android-studio/gradle/m2repository/com/android/tools/annotations/24.1.0/annotations-24.1.0.jar
7f74e2752000-7f74e2757000 r--s 0002a000 fd:00 939308                     /home/cschroeder/android-development/android-studio/gradle/m2repository/com/google/code/gson/gson/2.2.4/gson-2.2.4.jar
7f74e2757000-7f74e275a000 r--s 0002b000 fd:00 1079751                    /home/cschroeder/android-development/android-studio/gradle/m2repository/com/android/tools/lint/lint-api/24.1.0/lint-api-24.1.0.jar
7f74e275a000-7f74e275b000 r--s 00004000 fd:00 939237                     /home/cschroeder/android-development/android-studio/gradle/m2repository/org/ow2/asm/asm-analysis/5.0.3/asm-analysis-5.0.3.jar
7f74e275b000-7f74e2769000 r--s 00081000 fd:00 939185                     /home/cschroeder/android-development/android-studio/gradle/m2repository/org/bouncycastle/bcpkix-jdk15on/1.48/bcpkix-jdk15on-1.48.jar
7f74e2769000-7f74e276a000 r--s 0000c000 fd:00 939257                     /home/cschroeder/android-development/android-studio/gradle/m2repository/org/ow2/asm/asm/5.0.3/asm-5.0.3.jar
7f74e276a000-7f74e276c000 r--s 00012000 fd:00 1079805                    /home/cschroeder/android-development/android-studio/gradle/m2repository/com/android/tools/common/24.1.0/common-24.1.0.jar
7f74e276c000-7f74e2775000 r--s 000a9000 fd:00 1079911                    /home/cschroeder/android-development/android-studio/gradle/m2repository/com/android/tools/sdklib/24.1.0/sdklib-24.1.0.jar
7f74e2775000-7f74e2777000 r--s 00002000 fd:00 939292                     /home/cschroeder/android-development/android-studio/gradle/m2repository/com/squareup/javawriter/2.5.0/javawriter-2.5.0.jar
7f74e2777000-7f74e277c000 r--s 00042000 fd:00 1079820                    /home/cschroeder/android-development/android-studio/gradle/m2repository/com/android/tools/ddms/ddmlib/24.1.0/ddmlib-24.1.0.jar
7f74e277c000-7f74e277e000 r--s 00006000 fd:00 939274                     /home/cschroeder/android-development/android-studio/gradle/m2repository/org/ow2/asm/asm-tree/5.0.3/asm-tree-5.0.3.jar
7f74e277e000-7f74e277f000 r--s 00002000 fd:00 1079878                    /home/cschroeder/android-development/android-studio/gradle/m2repository/com/android/tools/build/builder-test-api/1.1.0/builder-test-api-1.1.0.jar
7f74e277f000-7f74e27b2000 r--s 00203000 fd:00 939195                     /home/cschroeder/android-development/android-studio/gradle/m2repository/org/bouncycastle/bcprov-jdk15on/1.48/bcprov-jdk15on-1.48.jar
7f74e27b2000-7f74e27b6000 r--s 00029000 fd:00 1079902                    /home/cschroeder/android-development/android-studio/gradle/m2repository/com/android/tools/build/manifest-merger/24.1.0/manifest-merger-24.1.0.jar
7f74e27b6000-7f74e27bd000 r--s 0005e000 fd:00 1079788                    /home/cschroeder/android-development/android-studio/gradle/m2repository/com/android/tools/sdk-common/24.1.0/sdk-common-24.1.0.jar
7f74e27bd000-7f74e27cd000 r--s 000d3000 fd:00 1079920                    /home/cschroeder/android-development/android-studio/gradle/m2repository/net/sf/proguard/proguard-base/5.1/proguard-base-5.1.jar
7f74e27cd000-7f74e27d2000 r--s 00091000 fd:00 939328                     /home/cschroeder/android-development/android-studio/gradle/m2repository/com/android/tools/lint/lint-checks/24.1.0/lint-checks-24.1.0.jar
7f74e27d2000-7f74e27e4000 r--s 00220000 fd:00 939085                     /home/cschroeder/android-development/android-studio/gradle/m2repository/org/eclipse/jdt/core/compiler/ecj/4.4/ecj-4.4.jar
7f74e27e4000-7f74e27e9000 r--s 00034000 fd:00 1079831                    /home/cschroeder/android-development/android-studio/gradle/m2repository/com/android/tools/build/builder/1.1.0/builder-1.1.0.jar
7f74e27e9000-7f74e27fa000 r--s 00140000 fd:00 1079895                    /home/cschroeder/android-development/android-studio/gradle/m2repository/com/android/tools/build/gradle-core/1.1.0/gradle-core-1.1.0.jar
7f74e27fa000-7f74e29fa000 rw-p 00000000 00:00 0 
7f74e29fa000-7f74e2bfa000 rw-p 00000000 00:00 0 
7f74e2bfa000-7f74e2bfd000 ---p 00000000 00:00 0 
7f74e2bfd000-7f74e2efb000 rw-p 00000000 00:00 0                          [stack:2745]
7f74e2efb000-7f74e30fb000 rw-p 00000000 00:00 0 
7f74e30fb000-7f74e32fb000 rw-p 00000000 00:00 0 
7f74e32fb000-7f74e34fb000 rw-p 00000000 00:00 0 
7f74e34fb000-7f74e36fb000 rw-p 00000000 00:00 0 
7f74e36fb000-7f74e38fb000 rw-p 00000000 00:00 0 
7f74e38fb000-7f74e38fe000 ---p 00000000 00:00 0 
7f74e38fe000-7f74e39fc000 rw-p 00000000 00:00 0                          [stack:10143]
7f74e39fc000-7f74e39ff000 ---p 00000000 00:00 0 
7f74e39ff000-7f74e3afd000 rw-p 00000000 00:00 0                          [stack:10140]
7f74e3afd000-7f74e3b00000 ---p 00000000 00:00 0 
7f74e3b00000-7f74e3bfe000 rw-p 00000000 00:00 0                          [stack:10139]
7f74e3bfe000-7f74e3c01000 ---p 00000000 00:00 0 
7f74e3c01000-7f74e3cff000 rw-p 00000000 00:00 0                          [stack:10141]
7f74e3cff000-7f74e3d02000 ---p 00000000 00:00 0 
7f74e3d02000-7f74e4000000 rw-p 00000000 00:00 0                          [stack:10138]
7f74e4000000-7f74e4029000 rw-p 00000000 00:00 0 
7f74e4029000-7f74e8000000 ---p 00000000 00:00 0 
7f74e8000000-7f74e8002000 r--s 00004000 fd:00 1079870                    /home/cschroeder/android-development/android-studio/gradle/m2repository/com/android/tools/build/builder-model/1.1.0/builder-model-1.1.0.jar
7f74e8002000-7f74e8003000 r--s 00002000 fd:00 1079925                    /home/cschroeder/android-development/android-studio/gradle/m2repository/net/sf/proguard/proguard-gradle/5.1/proguard-gradle-5.1.jar
7f74e8003000-7f74e8005000 r--s 0001a000 fd:00 1079741                    /home/cschroeder/android-development/android-studio/gradle/m2repository/com/android/tools/lint/lint/24.1.0/lint-24.1.0.jar
7f74e8005000-7f74e8006000 r--s 00009000 fd:00 1079888                    /home/cschroeder/android-development/android-studio/gradle/m2repository/com/android/tools/build/gradle/1.1.0/gradle-1.1.0.jar
7f74e8006000-7f74e8009000 ---p 00000000 00:00 0 
7f74e8009000-7f74e803f000 rw-p 00000000 00:00 0 
7f74e803f000-7f74e8040000 r--p 00000000 00:00 0 
7f74e8040000-7f74e80b9000 r--s 012a7000 fd:00 404590                     /usr/lib/jvm/java-1.8.0-openjdk-1.8.0.31-5.b13.fc21.x86_64/lib/tools.jar
7f74e80b9000-7f74e80c0000 r--s 00000000 fd:00 656989                     /usr/lib64/gconv/gconv-modules.cache
7f74e80c0000-7f74e80c3000 ---p 00000000 00:00 0 
7f74e80c3000-7f74e81c1000 rw-p 00000000 00:00 0                          [stack:2735]
7f74e81c1000-7f74e81d2000 r-xp 00000000 fd:00 417462                     /usr/lib/jvm/java-1.8.0-openjdk-1.8.0.31-5.b13.fc21.x86_64/jre/lib/amd64/libnio.so
7f74e81d2000-7f74e83d1000 ---p 00011000 fd:00 417462                     /usr/lib/jvm/java-1.8.0-openjdk-1.8.0.31-5.b13.fc21.x86_64/jre/lib/amd64/libnio.so
7f74e83d1000-7f74e83d2000 r--p 00010000 fd:00 417462                     /usr/lib/jvm/java-1.8.0-openjdk-1.8.0.31-5.b13.fc21.x86_64/jre/lib/amd64/libnio.so
7f74e83d2000-7f74e83d3000 rw-p 00011000 fd:00 417462                     /usr/lib/jvm/java-1.8.0-openjdk-1.8.0.31-5.b13.fc21.x86_64/jre/lib/amd64/libnio.so
7f74e83d3000-7f74e83ea000 r-xp 00000000 fd:00 417461                     /usr/lib/jvm/java-1.8.0-openjdk-1.8.0.31-5.b13.fc21.x86_64/jre/lib/amd64/libnet.so
7f74e83ea000-7f74e85e9000 ---p 00017000 fd:00 417461                     /usr/lib/jvm/java-1.8.0-openjdk-1.8.0.31-5.b13.fc21.x86_64/jre/lib/amd64/libnet.so
7f74e85e9000-7f74e85ea000 r--p 00016000 fd:00 417461                     /usr/lib/jvm/java-1.8.0-openjdk-1.8.0.31-5.b13.fc21.x86_64/jre/lib/amd64/libnet.so
7f74e85ea000-7f74e85eb000 rw-p 00017000 fd:00 417461                     /usr/lib/jvm/java-1.8.0-openjdk-1.8.0.31-5.b13.fc21.x86_64/jre/lib/amd64/libnet.so
7f74e85eb000-7f74e85ef000 r-xp 00000000 00:24 34644                      /tmp/native-platform3119356497704025996dir/libnative-platform.so
7f74e85ef000-7f74e87ee000 ---p 00004000 00:24 34644                      /tmp/native-platform3119356497704025996dir/libnative-platform.so
7f74e87ee000-7f74e87ef000 rw-p 00003000 00:24 34644                      /tmp/native-platform3119356497704025996dir/libnative-platform.so
7f74e87ef000-7f74e87f3000 r--s 000ad000 fd:00 417498                     /usr/lib/jvm/java-1.8.0-openjdk-1.8.0.31-5.b13.fc21.x86_64/jre/lib/jsse.jar
7f74e87f3000-7f74e87f4000 r--s 00001000 fd:00 939044                     /home/cschroeder/android-development/android-studio/gradle/gradle-2.2.1/lib/plugins/gradle-plugin-development-2.2.1.jar
7f74e87f4000-7f74e87f6000 r--s 00002000 fd:00 938952                     /home/cschroeder/android-development/android-studio/gradle/gradle-2.2.1/lib/plugins/gradle-cunit-2.2.1.jar
7f74e87f6000-7f74e87fb000 r--s 00036000 fd:00 939033                     /home/cschroeder/android-development/android-studio/gradle/gradle-2.2.1/lib/plugins/gradle-ide-native-2.2.1.jar
7f74e87fb000-7f74e8800000 r--s 00013000 fd:00 938999                     /home/cschroeder/android-development/android-studio/gradle/gradle-2.2.1/lib/plugins/gradle-language-native-2.2.1.jar
7f74e8800000-7f74e880b000 r--s 0004d000 fd:00 939014                     /home/cschroeder/android-development/android-studio/gradle/gradle-2.2.1/lib/plugins/gradle-platform-native-2.2.1.jar
7f74e880b000-7f74e880d000 r--s 00008000 fd:00 938979                     /home/cschroeder/android-development/android-studio/gradle/gradle-2.2.1/lib/plugins/gradle-language-groovy-2.2.1.jar
7f74e880d000-7f74e8812000 r--s 00022000 fd:00 939053                     /home/cschroeder/android-development/android-studio/gradle/gradle-2.2.1/lib/plugins/gradle-language-java-2.2.1.jar
7f74e8812000-7f74e8815000 r--s 00007000 fd:00 939019                     /home/cschroeder/android-development/android-studio/gradle/gradle-2.2.1/lib/plugins/gradle-language-jvm-2.2.1.jar
7f74e8815000-7f74e8818000 r--s 00009000 fd:00 938982                     /home/cschroeder/android-development/android-studio/gradle/gradle-2.2.1/lib/plugins/gradle-platform-jvm-2.2.1.jar
7f74e8818000-7f74e881d000 r--s 00018000 fd:00 938956                     /home/cschroeder/android-development/android-studio/gradle/gradle-2.2.1/lib/plugins/gradle-platform-base-2.2.1.jar
7f74e881d000-7f74e8822000 r--s 00026000 fd:00 939055                     /home/cschroeder/android-development/android-studio/gradle/gradle-2.2.1/lib/plugins/gradle-build-init-2.2.1.jar
7f74e8822000-7f74e8825000 r--s 0001d000 fd:00 939034                     /home/cschroeder/android-development/android-studio/gradle/gradle-2.2.1/lib/plugins/gradle-jacoco-2.2.1.jar
7f74e8825000-7f74e8828000 r--s 0000d000 fd:00 939025                     /home/cschroeder/android-development/android-studio/gradle/gradle-2.2.1/lib/plugins/gradle-ivy-2.2.1.jar
7f74e8828000-7f74e882a000 r--s 00002000 fd:00 939028                     /home/cschroeder/android-development/android-studio/gradle/gradle-2.2.1/lib/plugins/gradle-publish-2.2.1.jar
7f74e882a000-7f74e882c000 r--s 00005000 fd:00 938987                     /home/cschroeder/android-development/android-studio/gradle/gradle-2.2.1/lib/plugins/jatl-0.2.2.jar
7f74e882c000-7f74e882e000 r--s 0000f000 fd:00 939022                     /home/cschroeder/android-development/android-studio/gradle/gradle-2.2.1/lib/plugins/gradle-reporting-2.2.1.jar
7f74e882e000-7f74e8833000 r--s 00034000 fd:00 939030                     /home/cschroeder/android-development/android-studio/gradle/gradle-2.2.1/lib/plugins/gradle-diagnostics-2.2.1.jar
7f74e8833000-7f74e883a000 r--s 00090000 fd:00 938961                     /home/cschroeder/android-development/android-studio/gradle/gradle-2.2.1/lib/plugins/gradle-build-comparison-2.2.1.jar
7f74e883a000-7f74e8841000 r--s 00035000 fd:00 939009                     /home/cschroeder/android-development/android-studio/gradle/gradle-2.2.1/lib/plugins/simple-4.1.21.jar
7f74e8841000-7f74e884d000 r--s 00100000 fd:00 939042                     /home/cschroeder/android-development/android-studio/gradle/gradle-2.2.1/lib/plugins/rhino-1.7R3.jar
7f74e884d000-7f74e8852000 r--s 0001f000 fd:00 939029                     /home/cschroeder/android-development/android-studio/gradle/gradle-2.2.1/lib/plugins/gradle-javascript-2.2.1.jar
7f74e8852000-7f74e8854000 r--s 0000e000 fd:00 939027                     /home/cschroeder/android-development/android-studio/gradle/gradle-2.2.1/lib/plugins/gradle-ear-2.2.1.jar
7f74e8854000-7f74e8858000 r--s 00025000 fd:00 938950                     /home/cschroeder/android-development/android-studio/gradle/gradle-2.2.1/lib/plugins/bcpg-jdk15-1.46.jar
7f74e8858000-7f74e885b000 r--s 0001d000 fd:00 938964                     /home/cschroeder/android-development/android-studio/gradle/gradle-2.2.1/lib/plugins/gradle-signing-2.2.1.jar
7f74e885b000-7f74e885c000 r--s 00002000 fd:00 938942                     /home/cschroeder/android-development/android-studio/gradle/gradle-2.2.1/lib/plugins/sonar-batch-bootstrapper-2.9.jar
7f74e885c000-7f74e885f000 r--s 00018000 fd:00 938996                     /home/cschroeder/android-development/android-studio/gradle/gradle-2.2.1/lib/plugins/gradle-sonar-2.2.1.jar
7f74e885f000-7f74e8862000 r--s 00017000 fd:00 938978                     /home/cschroeder/android-development/android-studio/gradle/gradle-2.2.1/lib/plugins/gradle-scala-2.2.1.jar
7f74e8862000-7f74e8864000 r--s 0000e000 fd:00 938984                     /home/cschroeder/android-development/android-studio/gradle/gradle-2.2.1/lib/plugins/gradle-announce-2.2.1.jar
7f74e8864000-7f74e8872000 r--s 000bc000 fd:00 938957                     /home/cschroeder/android-development/android-studio/gradle/gradle-2.2.1/lib/plugins/gradle-ide-2.2.1.jar
7f74e8872000-7f74e8874000 r--s 00000000 fd:00 939035                     /home/cschroeder/android-development/android-studio/gradle/gradle-2.2.1/lib/plugins/plexus-component-annotations-1.5.2.jar
7f74e8874000-7f74e8877000 r--s 0000c000 fd:00 938983                     /home/cschroeder/android-development/android-studio/gradle/gradle-2.2.1/lib/plugins/pmaven-groovy-0.8-20100325.jar
7f74e8877000-7f74e887b000 r--s 0001e000 fd:00 939007                     /home/cschroeder/android-development/android-studio/gradle/gradle-2.2.1/lib/plugins/gradle-maven-2.2.1.jar
7f74e887b000-7f74e8893000 r--s 0013b000 fd:00 939047                     /home/cschroeder/android-development/android-studio/gradle/gradle-2.2.1/lib/plugins/bndlib-2.1.0.jar
7f74e8893000-7f74e8895000 r--s 00004000 fd:00 938968                     /home/cschroeder/android-development/android-studio/gradle/gradle-2.2.1/lib/plugins/gradle-osgi-2.2.1.jar
7f74e8895000-7f74e889a000 r--s 00068000 fd:00 939008                     /home/cschroeder/android-development/android-studio/gradle/gradle-2.2.1/lib/plugins/antlr-2.7.7.jar
7f74e889a000-7f74e889c000 r--s 00009000 fd:00 938977                     /home/cschroeder/android-development/android-studio/gradle/gradle-2.2.1/lib/plugins/hamcrest-core-1.3.jar
7f74e889c000-7f74e889d000 r--s 00004000 fd:00 939010                     /home/cschroeder/android-development/android-studio/gradle/gradle-2.2.1/lib/plugins/pmaven-common-0.8-20100325.jar
7f74e889d000-7f74e889e000 r--s 00002000 fd:00 939041                     /home/cschroeder/android-development/android-studio/gradle/gradle-2.2.1/lib/plugins/ant-antlr-1.9.3.jar
7f74e889e000-7f74e88a0000 r--s 00004000 fd:00 939032                     /home/cschroeder/android-development/android-studio/gradle/gradle-2.2.1/lib/plugins/gradle-antlr-2.2.1.jar
7f74e88a0000-7f74e88a3000 r--s 0001e000 fd:00 939001                     /home/cschroeder/android-development/android-studio/gradle/gradle-2.2.1/lib/plugins/jsp-api-2.1-6.1.14.jar
7f74e88a3000-7f74e88c6000 r--s 00344000 fd:00 939036                     /home/cschroeder/android-development/android-studio/gradle/gradle-2.2.1/lib/plugins/core-3.1.1.jar
7f74e88c6000-7f74e88c7000 r--s 00006000 fd:00 939056                     /home/cschroeder/android-development/android-studio/gradle/gradle-2.2.1/lib/plugins/jetty-naming-6.1.25.jar
7f74e88c7000-7f74e88c8000 r--s 00002000 fd:00 938976                     /home/cschroeder/android-development/android-studio/gradle/gradle-2.2.1/lib/plugins/geronimo-annotation_1.0_spec-1.0.jar
7f74e88c8000-7f74e88ca000 r--s 00002000 fd:00 938991                     /home/cschroeder/android-development/android-studio/gradle/gradle-2.2.1/lib/plugins/jetty-annotations-6.1.25.jar
7f74e88ca000-7f74e88db000 r--s 000ea000 fd:00 939015                     /home/cschroeder/android-development/android-studio/gradle/gradle-2.2.1/lib/plugins/jsp-2.1-6.1.14.jar
7f74e88db000-7f74e88dd000 r--s 0000d000 fd:00 938954                     /home/cschroeder/android-development/android-studio/gradle/gradle-2.2.1/lib/plugins/jetty-plus-6.1.25.jar
7f74e88dd000-7f74e88df000 r--s 0001f000 fd:00 938981                     /home/cschroeder/android-development/android-studio/gradle/gradle-2.2.1/lib/plugins/servlet-api-2.5-20081211.jar
7f74e88df000-7f74e88e3000 r--s 00028000 fd:00 938943                     /home/cschroeder/android-development/android-studio/gradle/gradle-2.2.1/lib/plugins/jetty-util-6.1.25.jar
7f74e88e3000-7f74e88ea000 r--s 0007d000 fd:00 939017                     /home/cschroeder/android-development/android-studio/gradle/gradle-2.2.1/lib/plugins/jetty-6.1.25.jar
7f74e88ea000-7f74e88ec000 r--s 00009000 fd:00 938967                     /home/cschroeder/android-development/android-studio/gradle/gradle-2.2.1/lib/plugins/gradle-jetty-2.2.1.jar
7f74e88ec000-7f74e88f1000 r--s 00041000 fd:00 938973                     /home/cschroeder/android-development/android-studio/gradle/gradle-2.2.1/lib/plugins/gradle-code-quality-2.2.1.jar
7f74e88f1000-7f74e88f7000 r--s 00033000 fd:00 939020                     /home/cschroeder/android-development/android-studio/gradle/gradle-2.2.1/lib/plugins/snakeyaml-1.6.jar
7f74e88f7000-7f74e88f9000 r--s 00006000 fd:00 938959                     /home/cschroeder/android-development/android-studio/gradle/gradle-2.2.1/lib/plugins/jcommander-1.12.jar
7f74e88f9000-7f74e88fe000 r--s 00040000 fd:00 939031                     /home/cschroeder/android-development/android-studio/gradle/gradle-2.2.1/lib/plugins/bsh-2.0b4.jar
7f74e88fe000-7f74e8900000 r--s 00009000 fd:00 938948                     /home/cschroeder/android-development/android-studio/gradle/gradle-2.2.1/lib/plugins/commons-cli-1.2.jar
7f74e8900000-7f74e8909000 r--s 00089000 fd:00 938974                     /home/cschroeder/android-development/android-studio/gradle/gradle-2.2.1/lib/plugins/testng-6.3.1.jar
7f74e8909000-7f74e890f000 r--s 00036000 fd:00 939002                     /home/cschroeder/android-development/android-studio/gradle/gradle-2.2.1/lib/plugins/junit-4.11.jar
7f74e890f000-7f74e891b000 r--s 00075000 fd:00 938965                     /home/cschroeder/android-development/android-studio/gradle/gradle-2.2.1/lib/plugins/gradle-plugins-2.2.1.jar
7f74e891b000-7f74e891e000 r--s 00011000 fd:00 938944                     /home/cschroeder/android-development/android-studio/gradle/gradle-2.2.1/lib/plugins/gradle-plugin-use-2.2.1.jar
7f74e891e000-7f74e8936000 r--s 00115000 fd:00 939012                     /home/cschroeder/android-development/android-studio/gradle/gradle-2.2.1/lib/plugins/xercesImpl-2.9.1.jar
7f74e8936000-7f74e893e000 r--s 00028000 fd:00 938993                     /home/cschroeder/android-development/android-studio/gradle/gradle-2.2.1/lib/plugins/xml-apis-1.3.04.jar
7f74e893e000-7f74e8944000 r--s 0005b000 fd:00 938947                     /home/cschroeder/android-development/android-studio/gradle/gradle-2.2.1/lib/plugins/jcifs-1.3.17.jar
7f74e8944000-7f74e894a000 r--s 00031000 fd:00 938960                     /home/cschroeder/android-development/android-studio/gradle/gradle-2.2.1/lib/plugins/httpcore-4.2.2.jar
7f74e894a000-7f74e8950000 r--s 00033000 fd:00 938946                     /home/cschroeder/android-development/android-studio/gradle/gradle-2.2.1/lib/plugins/commons-codec-1.6.jar
7f74e8950000-7f74e8953000 r--s 0001c000 fd:00 939051                     /home/cschroeder/android-development/android-studio/gradle/gradle-2.2.1/lib/plugins/nekohtml-1.9.14.jar
7f74e8953000-7f74e895c000 r--s 00060000 fd:00 938975                     /home/cschroeder/android-development/android-studio/gradle/gradle-2.2.1/lib/plugins/httpclient-4.2.2.jar
7f74e895c000-7f74e895e000 r--s 00007000 fd:00 939040                     /home/cschroeder/android-development/android-studio/gradle/gradle-2.2.1/lib/plugins/gradle-resources-http-2.2.1.jar
7f74e895e000-7f74e8986000 r--s 00194000 fd:00 938988                     /home/cschroeder/android-development/android-studio/gradle/gradle-2.2.1/lib/plugins/bcprov-jdk15-1.46.jar
7f74e8986000-7f74e898a000 r--s 0001d000 fd:00 939037                     /home/cschroeder/android-development/android-studio/gradle/gradle-2.2.1/lib/plugins/xbean-reflect-3.4.jar
7f74e898a000-7f74e898f000 r--s 0002a000 fd:00 939048                     /home/cschroeder/android-development/android-studio/gradle/gradle-2.2.1/lib/plugins/gson-2.2.4.jar
7f74e898f000-7f74e8993000 r--s 0003d000 fd:00 938998                     /home/cschroeder/android-development/android-studio/gradle/gradle-2.2.1/lib/plugins/jsch-0.1.51.jar
7f74e8993000-7f74e89ac000 r--s 00129000 fd:00 939043                     /home/cschroeder/android-development/android-studio/gradle/gradle-2.2.1/lib/plugins/maven-ant-tasks-2.1.3.jar
7f74e89ac000-7f74e89bb000 r--s 000d9000 fd:00 939024                     /home/cschroeder/android-development/android-studio/gradle/gradle-2.2.1/lib/plugins/ivy-2.2.0.jar
7f74e89bb000-7f74e89bf000 r--s 0001e000 fd:00 938994                     /home/cschroeder/android-development/android-studio/gradle/gradle-2.2.1/lib/plugins/jarjar-aether-impl-1.13.1.jar
7f74e89bf000-7f74e89c2000 r--s 00027000 fd:00 939000                     /home/cschroeder/android-development/android-studio/gradle/gradle-2.2.1/lib/plugins/jarjar-maven-model-3.0.4.jar
7f74e89c2000-7f74e89c5000 r--s 0000b000 fd:00 938986                     /home/cschroeder/android-development/android-studio/gradle/gradle-2.2.1/lib/plugins/jarjar-maven-artifact-3.0.4.jar
7f74e89c5000-7f74e89c9000 r--s 0001e000 fd:00 938963                     /home/cschroeder/android-development/android-studio/gradle/gradle-2.2.1/lib/plugins/jarjar-aether-util-1.13.1.jar
7f74e89c9000-7f74e89cb000 r--s 00007000 fd:00 939049                     /home/cschroeder/android-development/android-studio/gradle/gradle-2.2.1/lib/plugins/jarjar-wagon-http-shared4-2.4.jar
7f74e89cb000-7f74e89d8000 r--s 00083000 fd:00 938962                     /home/cschroeder/android-development/android-studio/gradle/gradle-2.2.1/lib/plugins/jarjar-maven-core-3.0.4.jar
7f74e89d8000-7f74e89da000 r--s 00003000 fd:00 939023                     /home/cschroeder/android-development/android-studio/gradle/gradle-2.2.1/lib/plugins/jarjar-aether-spi-1.13.1.jar
7f74e89da000-7f74e89dc000 r--s 00009000 fd:00 939011                     /home/cschroeder/android-development/android-studio/gradle/gradle-2.2.1/lib/plugins/jarjar-maven-settings-builder-3.0.4.jar
7f74e89dc000-7f74e89e0000 r--s 00014000 fd:00 938980                     /home/cschroeder/android-development/android-studio/gradle/gradle-2.2.1/lib/plugins/jarjar-aether-api-1.13.1.jar
7f74e89e0000-7f74e89e1000 r--s 00002000 fd:00 939038                     /home/cschroeder/android-development/android-studio/gradle/gradle-2.2.1/lib/plugins/jarjar-wagon-http-2.4.jar
7f74e89e1000-7f74e89e8000 r--s 00042000 fd:00 938966                     /home/cschroeder/android-development/android-studio/gradle/gradle-2.2.1/lib/plugins/jarjar-maven-compat-3.0.4.jar
7f74e89e8000-7f74e89ea000 r--s 00006000 fd:00 938985                     /home/cschroeder/android-development/android-studio/gradle/gradle-2.2.1/lib/plugins/jarjar-aether-connector-wagon-1.13.1.jar
7f74e89ea000-7f74e89ec000 r--s 00000000 fd:00 938971                     /home/cschroeder/android-development/android-studio/gradle/gradle-2.2.1/lib/plugins/jarjar-plexus-component-annotations-1.5.5.jar
7f74e89ec000-7f74e89ee000 r--s 00006000 fd:00 938953                     /home/cschroeder/android-development/android-studio/gradle/gradle-2.2.1/lib/plugins/jarjar-plexus-sec-dispatcher-1.3.jar
7f74e89ee000-7f74e89f3000 r--s 00022000 fd:00 939039                     /home/cschroeder/android-development/android-studio/gradle/gradle-2.2.1/lib/plugins/jarjar-maven-model-builder-3.0.4.jar
7f74e89f3000-7f74e89f5000 r--s 0000b000 fd:00 939006                     /home/cschroeder/android-development/android-studio/gradle/gradle-2.2.1/lib/plugins/jarjar-maven-plugin-api-3.0.4.jar
7f74e89f5000-7f74e89f8000 r--s 0000a000 fd:00 938949                     /home/cschroeder/android-development/android-studio/gradle/gradle-2.2.1/lib/plugins/jarjar-plexus-classworlds-2.4.jar
7f74e89f8000-7f74e89fc000 r--s 00035000 fd:00 939050                     /home/cschroeder/android-development/android-studio/gradle/gradle-2.2.1/lib/plugins/jarjar-plexus-utils-2.0.6.jar
7f74e89fc000-7f74e89fe000 r--s 0000e000 fd:00 939052                     /home/cschroeder/android-development/android-studio/gradle/gradle-2.2.1/lib/plugins/jarjar-plexus-interpolation-1.14.jar
7f74e89fe000-7f74e8a00000 r--s 00002000 fd:00 938995                     /home/cschroeder/android-development/android-studio/gradle/gradle-2.2.1/lib/plugins/jarjar-plexus-cipher-1.7.jar
7f74e8a00000-7f74e8a02000 r--s 0000c000 fd:00 939045                     /home/cschroeder/android-development/android-studio/gradle/gradle-2.2.1/lib/plugins/jarjar-wagon-provider-api-2.4.jar
7f74e8a02000-7f74e8a04000 r--s 0000d000 fd:00 939054                     /home/cschroeder/android-development/android-studio/gradle/gradle-2.2.1/lib/plugins/jarjar-maven-aether-provider-3.0.4.jar
7f74e8a04000-7f74e8a0c000 r--s 00031000 fd:00 939018                     /home/cschroeder/android-development/android-studio/gradle/gradle-2.2.1/lib/plugins/jarjar-plexus-container-default-1.5.5.jar
7f74e8a0c000-7f74e8a0d000 r--s 00007000 fd:00 939004                     /home/cschroeder/android-development/android-studio/gradle/gradle-2.2.1/lib/plugins/jarjar-maven-repository-metadata-3.0.4.jar
7f74e8a0d000-7f74e8a0e000 r--s 0000b000 fd:00 939016                     /home/cschroeder/android-development/android-studio/gradle/gradle-2.2.1/lib/plugins/jarjar-maven-settings-3.0.4.jar
7f74e8a0e000-7f74e8a26000 r--s 000b5000 fd:00 939013                     /home/cschroeder/android-development/android-studio/gradle/gradle-2.2.1/lib/plugins/gradle-dependency-management-2.2.1.jar
7f74e8a26000-7f74e8a42000 r--s 003b6000 fd:00 417485                     /usr/lib/jvm/java-1.8.0-openjdk-1.8.0.31-5.b13.fc21.x86_64/jre/lib/ext/cldrdata.jar
7f74e8a42000-7f74e8a4d000 r--s 0011c000 fd:00 404532                     /usr/lib/jvm/java-1.8.0-openjdk-1.8.0.31-5.b13.fc21.x86_64/jre/lib/ext/localedata.jar
7f74e8a4d000-7f74e8a4e000 r--s 00005000 fd:00 938911                     /home/cschroeder/android-development/android-studio/gradle/gradle-2.2.1/lib/gradle-wrapper-2.2.1.jar
7f74e8a4e000-7f74e8a57000 r--s 0002c000 fd:00 938916                     /home/cschroeder/android-development/android-studio/gradle/gradle-2.2.1/lib/gradle-tooling-api-2.2.1.jar
7f74e8a57000-7f74e8a59000 r--s 00002000 fd:00 938932                     /home/cschroeder/android-development/android-studio/gradle/gradle-2.2.1/lib/gradle-open-api-2.2.1.jar
7f74e8a59000-7f74e8a5f000 r--s 00032000 fd:00 938924                     /home/cschroeder/android-development/android-studio/gradle/gradle-2.2.1/lib/jaxen-1.1.jar
7f74e8a5f000-7f74e8a64000 r--s 00048000 fd:00 938886                     /home/cschroeder/android-development/android-studio/gradle/gradle-2.2.1/lib/dom4j-1.6.1.jar
7f74e8a64000-7f74e8a6f000 r--s 00059000 fd:00 938936                     /home/cschroeder/android-development/android-studio/gradle/gradle-2.2.1/lib/gradle-ui-2.2.1.jar
7f74e8a6f000-7f74e8a71000 r--s 00006000 fd:00 938890                     /home/cschroeder/android-development/android-studio/gradle/gradle-2.2.1/lib/gradle-resources-2.2.1.jar
7f74e8a71000-7f74e8a73000 r--s 00007000 fd:00 938927                     /home/cschroeder/android-development/android-studio/gradle/gradle-2.2.1/lib/objenesis-1.2.jar
7f74e8a73000-7f74e8a75000 r--s 00000000 fd:00 938928                     /home/cschroeder/android-development/android-studio/gradle/gradle-2.2.1/lib/minlog-1.2.jar
7f74e8a75000-7f74e8a77000 r--s 0000f000 fd:00 938933                     /home/cschroeder/android-development/android-studio/gradle/gradle-2.2.1/lib/reflectasm-1.07-shaded.jar
7f74e8a77000-7f74e8a7b000 r--s 00026000 fd:00 939057                     /home/cschroeder/android-development/android-studio/gradle/gradle-2.2.1/lib/kryo-2.20.jar
7f74e8a7b000-7f74e8a84000 r--s 00039000 fd:00 938919                     /home/cschroeder/android-development/android-studio/gradle/gradle-2.2.1/lib/gradle-messaging-2.2.1.jar
7f74e8a84000-7f74e8a85000 r--s 00003000 fd:00 938938                     /home/cschroeder/android-development/android-studio/gradle/gradle-2.2.1/lib/native-platform-freebsd-amd64-0.10.jar
7f74e8a85000-7f74e8a86000 r--s 00003000 fd:00 938913                     /home/cschroeder/android-development/android-studio/gradle/gradle-2.2.1/lib/native-platform-freebsd-i386-0.10.jar
7f74e8a86000-7f74e8a87000 r--s 00005000 fd:00 938917                     /home/cschroeder/android-development/android-studio/gradle/gradle-2.2.1/lib/native-platform-windows-i386-0.10.jar
7f74e8a87000-7f74e8a88000 r--s 00005000 fd:00 938877                     /home/cschroeder/android-development/android-studio/gradle/gradle-2.2.1/lib/native-platform-windows-amd64-0.10.jar
7f74e8a88000-7f74e8a89000 r--s 00003000 fd:00 938885                     /home/cschroeder/android-development/android-studio/gradle/gradle-2.2.1/lib/native-platform-linux-i386-0.10.jar
7f74e8a89000-7f74e8a8a000 r--s 00003000 fd:00 938894                     /home/cschroeder/android-development/android-studio/gradle/gradle-2.2.1/lib/native-platform-linux-amd64-0.10.jar
7f74e8a8a000-7f74e8a8b000 r--s 00002000 fd:00 939059                     /home/cschroeder/android-development/android-studio/gradle/gradle-2.2.1/lib/native-platform-osx-amd64-0.10.jar
7f74e8a8b000-7f74e8a8c000 r--s 00002000 fd:00 938909                     /home/cschroeder/android-development/android-studio/gradle/gradle-2.2.1/lib/native-platform-osx-i386-0.10.jar
7f74e8a8c000-7f74e8a8e000 r--s 00008000 fd:00 938907                     /home/cschroeder/android-development/android-studio/gradle/gradle-2.2.1/lib/jansi-1.2.1.jar
7f74e8a8e000-7f74e8a91000 r--s 0000d000 fd:00 938929                     /home/cschroeder/android-development/android-studio/gradle/gradle-2.2.1/lib/native-platform-0.10.jar
7f74e8a91000-7f74e8a95000 r--s 000e4000 fd:00 938830                     /home/cschroeder/android-development/android-studio/gradle/gradle-2.2.1/lib/jna-3.2.7.jar
7f74e8a95000-7f74e8a97000 r--s 00008000 fd:00 938906                     /home/cschroeder/android-development/android-studio/gradle/gradle-2.2.1/lib/gradle-native-2.2.1.jar
7f74e8a97000-7f74e8a99000 r--s 00005000 fd:00 938937                     /home/cschroeder/android-development/android-studio/gradle/gradle-2.2.1/lib/gradle-cli-2.2.1.jar
7f74e8a99000-7f74e8a9b000 r--s 00003000 fd:00 938892                     /home/cschroeder/android-development/android-studio/gradle/gradle-2.2.1/lib/gradle-base-services-groovy-2.2.1.jar
7f74e8a9b000-7f74e8a9d000 r--s 0000a000 fd:00 938901                     /home/cschroeder/android-development/android-studio/gradle/gradle-2.2.1/lib/gradle-model-groovy-2.2.1.jar
7f74e8a9d000-7f74e8aa1000 r--s 0001b000 fd:00 938896                     /home/cschroeder/android-development/android-studio/gradle/gradle-2.2.1/lib/gradle-model-core-2.2.1.jar
7f74e8aa1000-7f74e8aa2000 r--s 00000000 fd:00 938912                     /home/cschroeder/android-development/android-studio/gradle/gradle-2.2.1/lib/gradle-docs-2.2.1.jar
7f74e8aa2000-7f74e8aa4000 r--s 00003000 fd:00 938893                     /home/cschroeder/android-development/android-studio/gradle/gradle-2.2.1/lib/jcl-over-slf4j-1.7.7.jar
7f74e8aa4000-7f74e8aa7000 r--s 0001b000 fd:00 938895                     /home/cschroeder/android-development/android-studio/gradle/gradle-2.2.1/lib/jarjar-1.3.jar
7f74e8aa7000-7f74e8aa9000 r--s 00000000 fd:00 938925                     /home/cschroeder/android-development/android-studio/gradle/gradle-2.2.1/lib/jul-to-slf4j-1.7.7.jar
7f74e8aa9000-7f74e8aaf000 r--s 0003b000 fd:00 938889                     /home/cschroeder/android-development/android-studio/gradle/gradle-2.2.1/lib/logback-classic-1.0.13.jar
7f74e8aaf000-7f74e8ab9000 r--s 0005d000 fd:00 938899                     /home/cschroeder/android-development/android-studio/gradle/gradle-2.2.1/lib/logback-core-1.0.13.jar
7f74e8ab9000-7f74e8ac7000 r--s 0007f000 fd:00 938931                     /home/cschroeder/android-development/android-studio/gradle/gradle-2.2.1/lib/commons-collections-3.2.1.jar
7f74e8ac7000-7f74e8b32000 r--s 00685000 fd:00 938880                     /home/cschroeder/android-development/android-studio/gradle/gradle-2.2.1/lib/groovy-all-2.3.6.jar
7f74e8b32000-7f74e8b5a000 r--s 001cf000 fd:00 938904                     /home/cschroeder/android-development/android-studio/gradle/gradle-2.2.1/lib/guava-jdk5-17.0.jar
7f74e8b5a000-7f74e8b79000 r--s 001cc000 fd:00 938891                     /home/cschroeder/android-development/android-studio/gradle/gradle-2.2.1/lib/ant-1.9.3.jar
7f74e8b79000-7f74e8baa000 r--s 00191000 fd:00 938897                     /home/cschroeder/android-development/android-studio/gradle/gradle-2.2.1/lib/gradle-core-2.2.1.jar
7f74e8baa000-7f74e8bab000 ---p 00000000 00:00 0 
7f74e8bab000-7f74e8cab000 rw-p 00000000 00:00 0                          [stack:2734]
7f74e8cab000-7f74e8cae000 ---p 00000000 00:00 0 
7f74e8cae000-7f74e8dac000 rw-p 00000000 00:00 0                          [stack:2733]
7f74e8dac000-7f74e8daf000 ---p 00000000 00:00 0 
7f74e8daf000-7f74e8ead000 rw-p 00000000 00:00 0                          [stack:2732]
7f74e8ead000-7f74e8eb0000 ---p 00000000 00:00 0 
7f74e8eb0000-7f74e8fae000 rw-p 00000000 00:00 0                          [stack:2731]
7f74e8fae000-7f74e8fb1000 ---p 00000000 00:00 0 
7f74e8fb1000-7f74e90af000 rw-p 00000000 00:00 0                          [stack:2730]
7f74e90af000-7f74e90b2000 ---p 00000000 00:00 0 
7f74e90b2000-7f74e91b0000 rw-p 00000000 00:00 0                          [stack:2729]
7f74e91b0000-7f74e91b3000 ---p 00000000 00:00 0 
7f74e91b3000-7f74e92b1000 rw-p 00000000 00:00 0                          [stack:2728]
7f74e92b1000-7f74e92b4000 ---p 00000000 00:00 0 
7f74e92b4000-7f74e93b2000 rw-p 00000000 00:00 0                          [stack:2727]
7f74e93b2000-7f74e93b3000 ---p 00000000 00:00 0 
7f74e93b3000-7f74ec000000 rw-p 00000000 00:00 0                          [stack:2726]
7f74ec000000-7f74ec038000 rw-p 00000000 00:00 0 
7f74ec038000-7f74f0000000 ---p 00000000 00:00 0 
7f74f0000000-7f74f0001000 r--s 00005000 fd:00 938930                     /home/cschroeder/android-development/android-studio/gradle/gradle-2.2.1/lib/log4j-over-slf4j-1.7.7.jar
7f74f0001000-7f74f0006000 r--s 00041000 fd:00 938887                     /home/cschroeder/android-development/android-studio/gradle/gradle-2.2.1/lib/commons-lang-2.6.jar
7f74f0006000-7f74f0009000 r--s 00018000 fd:00 938940                     /home/cschroeder/android-development/android-studio/gradle/gradle-2.2.1/lib/commons-io-1.4.jar
7f74f0009000-7f74f000e000 r--s 00036000 fd:00 938914                     /home/cschroeder/android-development/android-studio/gradle/gradle-2.2.1/lib/asm-all-5.0.3.jar
7f74f000e000-7f74f0433000 rw-p 00000000 00:00 0 
7f74f0433000-7f74f0600000 r--s 04391000 fd:00 417509                     /usr/lib/jvm/java-1.8.0-openjdk-1.8.0.31-5.b13.fc21.x86_64/jre/lib/rt.jar
7f74f0600000-7f74f1000000 rw-p 00000000 00:00 0 
7f74f1000000-7f74f4630000 rwxp 00000000 00:00 0 
7f74f4630000-7f7500000000 ---p 00000000 00:00 0 
7f7500000000-7f7500af2000 rw-p 00000000 00:00 0 
7f7500af2000-7f7504000000 ---p 00000000 00:00 0 
7f7504000000-7f7504001000 r--s 00000000 fd:00 938915                     /home/cschroeder/android-development/android-studio/gradle/gradle-2.2.1/lib/javax.inject-1.jar
7f7504001000-7f7504002000 r--s 00000000 fd:00 938905                     /home/cschroeder/android-development/android-studio/gradle/gradle-2.2.1/lib/jcip-annotations-1.0.jar
7f7504002000-7f7504008000 r--s 00026000 fd:00 938910                     /home/cschroeder/android-development/android-studio/gradle/gradle-2.2.1/lib/gradle-base-services-2.2.1.jar
7f7504008000-7f75040c0000 rw-p 00000000 00:00 0 
7f75040c0000-7f75040c1000 ---p 00000000 00:00 0 
7f75040c1000-7f75041c1000 rw-p 00000000 00:00 0                          [stack:2725]
7f75041c1000-7f75041c2000 ---p 00000000 00:00 0 
7f75041c2000-7f75042c2000 rw-p 00000000 00:00 0                          [stack:2724]
7f75042c2000-7f75042c3000 ---p 00000000 00:00 0 
7f75042c3000-7f75043c3000 rw-p 00000000 00:00 0                          [stack:2723]
7f75043c3000-7f75043c4000 ---p 00000000 00:00 0 
7f75043c4000-7f7504559000 rw-p 00000000 00:00 0                          [stack:2722]
7f7504559000-7f750461a000 ---p 00000000 00:00 0 
7f750461a000-7f75046af000 rw-p 00000000 00:00 0 
7f75046af000-7f750476f000 ---p 00000000 00:00 0 
7f750476f000-7f750481a000 rw-p 00000000 00:00 0 
7f750481a000-7f75048f4000 rw-p 00000000 00:00 0 
7f75048f4000-7f7504bdb000 ---p 00000000 00:00 0 
7f7504bdb000-7f7504be3000 r-xp 00000000 fd:00 417468                     /usr/lib/jvm/java-1.8.0-openjdk-1.8.0.31-5.b13.fc21.x86_64/jre/lib/amd64/libzip.so
7f7504be3000-7f7504de2000 ---p 00008000 fd:00 417468                     /usr/lib/jvm/java-1.8.0-openjdk-1.8.0.31-5.b13.fc21.x86_64/jre/lib/amd64/libzip.so
7f7504de2000-7f7504de3000 r--p 00007000 fd:00 417468                     /usr/lib/jvm/java-1.8.0-openjdk-1.8.0.31-5.b13.fc21.x86_64/jre/lib/amd64/libzip.so
7f7504de3000-7f7504de4000 rw-p 00008000 fd:00 417468                     /usr/lib/jvm/java-1.8.0-openjdk-1.8.0.31-5.b13.fc21.x86_64/jre/lib/amd64/libzip.so
7f7504de4000-7f7504df0000 r-xp 00000000 fd:00 401255                     /usr/lib64/libnss_files-2.20.so
7f7504df0000-7f7504fef000 ---p 0000c000 fd:00 401255                     /usr/lib64/libnss_files-2.20.so
7f7504fef000-7f7504ff0000 r--p 0000b000 fd:00 401255                     /usr/lib64/libnss_files-2.20.so
7f7504ff0000-7f7504ff1000 rw-p 0000c000 fd:00 401255                     /usr/lib64/libnss_files-2.20.so
7f7504ff1000-7f750501f000 r-xp 00000000 fd:00 417451                     /usr/lib/jvm/java-1.8.0-openjdk-1.8.0.31-5.b13.fc21.x86_64/jre/lib/amd64/libjava.so
7f750501f000-7f750521e000 ---p 0002e000 fd:00 417451                     /usr/lib/jvm/java-1.8.0-openjdk-1.8.0.31-5.b13.fc21.x86_64/jre/lib/amd64/libjava.so
7f750521e000-7f750521f000 r--p 0002d000 fd:00 417451                     /usr/lib/jvm/java-1.8.0-openjdk-1.8.0.31-5.b13.fc21.x86_64/jre/lib/amd64/libjava.so
7f750521f000-7f7505221000 rw-p 0002e000 fd:00 417451                     /usr/lib/jvm/java-1.8.0-openjdk-1.8.0.31-5.b13.fc21.x86_64/jre/lib/amd64/libjava.so
7f7505221000-7f750522e000 r-xp 00000000 fd:00 417467                     /usr/lib/jvm/java-1.8.0-openjdk-1.8.0.31-5.b13.fc21.x86_64/jre/lib/amd64/libverify.so
7f750522e000-7f750542d000 ---p 0000d000 fd:00 417467                     /usr/lib/jvm/java-1.8.0-openjdk-1.8.0.31-5.b13.fc21.x86_64/jre/lib/amd64/libverify.so
7f750542d000-7f750542f000 r--p 0000c000 fd:00 417467                     /usr/lib/jvm/java-1.8.0-openjdk-1.8.0.31-5.b13.fc21.x86_64/jre/lib/amd64/libverify.so
7f750542f000-7f7505430000 rw-p 0000e000 fd:00 417467                     /usr/lib/jvm/java-1.8.0-openjdk-1.8.0.31-5.b13.fc21.x86_64/jre/lib/amd64/libverify.so
7f7505430000-7f7505437000 r-xp 00000000 fd:00 401478                     /usr/lib64/librt-2.20.so
7f7505437000-7f7505636000 ---p 00007000 fd:00 401478                     /usr/lib64/librt-2.20.so
7f7505636000-7f7505637000 r--p 00006000 fd:00 401478                     /usr/lib64/librt-2.20.so
7f7505637000-7f7505638000 rw-p 00007000 fd:00 401478                     /usr/lib64/librt-2.20.so
7f7505638000-7f750564e000 r-xp 00000000 fd:00 404533                     /usr/lib64/libgcc_s-4.9.2-20150212.so.1
7f750564e000-7f750584d000 ---p 00016000 fd:00 404533                     /usr/lib64/libgcc_s-4.9.2-20150212.so.1
7f750584d000-7f750584e000 r--p 00015000 fd:00 404533                     /usr/lib64/libgcc_s-4.9.2-20150212.so.1
7f750584e000-7f750584f000 rw-p 00016000 fd:00 404533                     /usr/lib64/libgcc_s-4.9.2-20150212.so.1
7f750584f000-7f7505956000 r-xp 00000000 fd:00 397784                     /usr/lib64/libm-2.20.so
7f7505956000-7f7505b55000 ---p 00107000 fd:00 397784                     /usr/lib64/libm-2.20.so
7f7505b55000-7f7505b56000 r--p 00106000 fd:00 397784                     /usr/lib64/libm-2.20.so
7f7505b56000-7f7505b57000 rw-p 00107000 fd:00 397784                     /usr/lib64/libm-2.20.so
7f7505b57000-7f7505c47000 r-xp 00000000 fd:00 396795                     /usr/lib64/libstdc++.so.6.0.20
7f7505c47000-7f7505e47000 ---p 000f0000 fd:00 396795                     /usr/lib64/libstdc++.so.6.0.20
7f7505e47000-7f7505e4f000 r--p 000f0000 fd:00 396795                     /usr/lib64/libstdc++.so.6.0.20
7f7505e4f000-7f7505e51000 rw-p 000f8000 fd:00 396795                     /usr/lib64/libstdc++.so.6.0.20
7f7505e51000-7f7505e66000 rw-p 00000000 00:00 0 
7f7505e66000-7f7506a89000 r-xp 00000000 fd:00 417472                     /usr/lib/jvm/java-1.8.0-openjdk-1.8.0.31-5.b13.fc21.x86_64/jre/lib/amd64/server/libjvm.so
7f7506a89000-7f7506c88000 ---p 00c23000 fd:00 417472                     /usr/lib/jvm/java-1.8.0-openjdk-1.8.0.31-5.b13.fc21.x86_64/jre/lib/amd64/server/libjvm.so
7f7506c88000-7f7506d2b000 r--p 00c22000 fd:00 417472                     /usr/lib/jvm/java-1.8.0-openjdk-1.8.0.31-5.b13.fc21.x86_64/jre/lib/amd64/server/libjvm.so
7f7506d2b000-7f7506d53000 rw-p 00cc5000 fd:00 417472                     /usr/lib/jvm/java-1.8.0-openjdk-1.8.0.31-5.b13.fc21.x86_64/jre/lib/amd64/server/libjvm.so
7f7506d53000-7f7506d81000 rw-p 00000000 00:00 0 
7f7506d81000-7f7506f34000 r-xp 00000000 fd:00 396731                     /usr/lib64/libc-2.20.so
7f7506f34000-7f7507134000 ---p 001b3000 fd:00 396731                     /usr/lib64/libc-2.20.so
7f7507134000-7f7507138000 r--p 001b3000 fd:00 396731                     /usr/lib64/libc-2.20.so
7f7507138000-7f750713a000 rw-p 001b7000 fd:00 396731                     /usr/lib64/libc-2.20.so
7f750713a000-7f750713e000 rw-p 00000000 00:00 0 
7f750713e000-7f7507141000 r-xp 00000000 fd:00 396846                     /usr/lib64/libdl-2.20.so
7f7507141000-7f7507340000 ---p 00003000 fd:00 396846                     /usr/lib64/libdl-2.20.so
7f7507340000-7f7507341000 r--p 00002000 fd:00 396846                     /usr/lib64/libdl-2.20.so
7f7507341000-7f7507342000 rw-p 00003000 fd:00 396846                     /usr/lib64/libdl-2.20.so
7f7507342000-7f750734f000 r-xp 00000000 fd:00 404581                     /usr/lib/jvm/java-1.8.0-openjdk-1.8.0.31-5.b13.fc21.x86_64/lib/amd64/jli/libjli.so
7f750734f000-7f750754e000 ---p 0000d000 fd:00 404581                     /usr/lib/jvm/java-1.8.0-openjdk-1.8.0.31-5.b13.fc21.x86_64/lib/amd64/jli/libjli.so
7f750754e000-7f750754f000 r--p 0000c000 fd:00 404581                     /usr/lib/jvm/java-1.8.0-openjdk-1.8.0.31-5.b13.fc21.x86_64/lib/amd64/jli/libjli.so
7f750754f000-7f7507550000 rw-p 0000d000 fd:00 404581                     /usr/lib/jvm/java-1.8.0-openjdk-1.8.0.31-5.b13.fc21.x86_64/lib/amd64/jli/libjli.so
7f7507550000-7f7507565000 r-xp 00000000 fd:00 401652                     /usr/lib64/libz.so.1.2.8
7f7507565000-7f7507764000 ---p 00015000 fd:00 401652                     /usr/lib64/libz.so.1.2.8
7f7507764000-7f7507765000 r--p 00014000 fd:00 401652                     /usr/lib64/libz.so.1.2.8
7f7507765000-7f7507766000 rw-p 00015000 fd:00 401652                     /usr/lib64/libz.so.1.2.8
7f7507766000-7f750777d000 r-xp 00000000 fd:00 396771                     /usr/lib64/libpthread-2.20.so
7f750777d000-7f750797c000 ---p 00017000 fd:00 396771                     /usr/lib64/libpthread-2.20.so
7f750797c000-7f750797d000 r--p 00016000 fd:00 396771                     /usr/lib64/libpthread-2.20.so
7f750797d000-7f750797e000 rw-p 00017000 fd:00 396771                     /usr/lib64/libpthread-2.20.so
7f750797e000-7f7507982000 rw-p 00000000 00:00 0 
7f7507982000-7f75079a3000 r-xp 00000000 fd:00 394636                     /usr/lib64/ld-2.20.so
7f75079a3000-7f75079ab000 r--s 0003c000 fd:00 938934                     /home/cschroeder/android-development/android-studio/gradle/gradle-2.2.1/lib/gradle-launcher-2.2.1.jar
7f75079ab000-7f7507a7b000 rw-p 00000000 00:00 0 
7f7507a7b000-7f7507a7e000 ---p 00000000 00:00 0 
7f7507a7e000-7f7507b81000 rw-p 00000000 00:00 0                          [stack:2721]
7f7507b81000-7f7507b83000 r--s 00006000 fd:00 938898                     /home/cschroeder/android-development/android-studio/gradle/gradle-2.2.1/lib/slf4j-api-1.7.7.jar
7f7507b83000-7f7507b84000 r--s 00004000 fd:00 938903                     /home/cschroeder/android-development/android-studio/gradle/gradle-2.2.1/lib/ant-launcher-1.9.3.jar
7f7507b84000-7f7507b98000 rw-p 00000000 00:00 0 
7f7507b98000-7f7507ba0000 rw-s 00000000 00:24 38071                      /tmp/hsperfdata_cschroeder/2719
7f7507ba0000-7f7507ba1000 rw-p 00000000 00:00 0 
7f7507ba1000-7f7507ba2000 ---p 00000000 00:00 0 
7f7507ba2000-7f7507ba3000 rw-p 00000000 00:00 0 
7f7507ba3000-7f7507ba4000 r--p 00021000 fd:00 394636                     /usr/lib64/ld-2.20.so
7f7507ba4000-7f7507ba5000 rw-p 00022000 fd:00 394636                     /usr/lib64/ld-2.20.so
7f7507ba5000-7f7507ba6000 rw-p 00000000 00:00 0 
7ffd928f5000-7ffd92917000 rw-p 00000000 00:00 0                          [stack]
7ffd92999000-7ffd9299b000 r--p 00000000 00:00 0                          [vvar]
7ffd9299b000-7ffd9299d000 r-xp 00000000 00:00 0                          [vdso]
ffffffffff600000-ffffffffff601000 r-xp 00000000 00:00 0                  [vsyscall]

VM Arguments:
jvm_args: -XX:MaxPermSize=256m -XX:+HeapDumpOnOutOfMemoryError -Xmx1024m -Dfile.encoding=UTF-8 -Duser.country=US -Duser.language=en -Duser.variant 
java_command: org.gradle.launcher.daemon.bootstrap.GradleDaemon 2.2.1 /home/cschroeder/.gradle/daemon 10800000 8b4f454e-dc2d-4b02-98c3-38fc8242b50a -XX:MaxPermSize=256m -XX:+HeapDumpOnOutOfMemoryError -Xmx1024m -Dfile.encoding=UTF-8 -Duser.country=US -Duser.language=en -Duser.variant
java_class_path (initial): /home/cschroeder/android-development/android-studio/gradle/gradle-2.2.1/lib/gradle-launcher-2.2.1.jar
Launcher Type: SUN_STANDARD

Environment Variables:
CLASSPATH=./../lib/bootstrap.jar:./../lib/extensions.jar:./../lib/util.jar:./../lib/jdom.jar:./../lib/log4j.jar:./../lib/trove4j.jar:./../lib/jna.jar:/usr/lib/jvm/java-1.8.0-openjdk-1.8.0.31-5.b13.fc21.x86_64/lib/tools.jar
PATH=/usr/lib64/qt-3.3/bin:/usr/local/bin:/usr/local/sbin:/usr/bin:/usr/sbin:/bin:/sbin:/home/cschroeder/.local/bin:/home/cschroeder/bin
USERNAME=cschroeder
LD_LIBRARY_PATH=.:
SHELL=/bin/bash
DISPLAY=:0

Signal Handlers:
SIGSEGV: [libjvm.so+0xa310d0], sa_mask[0]=11111111011111111101111111111110, sa_flags=SA_RESTART|SA_SIGINFO
SIGBUS: [libjvm.so+0xa310d0], sa_mask[0]=11111111011111111101111111111110, sa_flags=SA_RESTART|SA_SIGINFO
SIGFPE: [libjvm.so+0x88dcd0], sa_mask[0]=11111111011111111101111111111110, sa_flags=SA_RESTART|SA_SIGINFO
SIGPIPE: [libjvm.so+0x88dcd0], sa_mask[0]=11111111011111111101111111111110, sa_flags=SA_RESTART|SA_SIGINFO
SIGXFSZ: [libjvm.so+0x88dcd0], sa_mask[0]=11111111011111111101111111111110, sa_flags=SA_RESTART|SA_SIGINFO
SIGILL: [libjvm.so+0x88dcd0], sa_mask[0]=11111111011111111101111111111110, sa_flags=SA_RESTART|SA_SIGINFO
SIGUSR1: SIG_DFL, sa_mask[0]=00000000000000000000000000000000, sa_flags=none
SIGUSR2: [libjvm.so+0x88db80], sa_mask[0]=00100000000000000000000000000000, sa_flags=SA_RESTART|SA_SIGINFO
SIGHUP: [libjvm.so+0x88dd90], sa_mask[0]=11111111011111111101111111111110, sa_flags=SA_RESTART|SA_SIGINFO
SIGINT: [libjvm.so+0x88dd90], sa_mask[0]=11111111011111111101111111111110, sa_flags=SA_RESTART|SA_SIGINFO
SIGTERM: [libjvm.so+0x88dd90], sa_mask[0]=11111111011111111101111111111110, sa_flags=SA_RESTART|SA_SIGINFO
SIGQUIT: [libjvm.so+0x88dd90], sa_mask[0]=11111111011111111101111111111110, sa_flags=SA_RESTART|SA_SIGINFO


---------------  S Y S T E M  ---------------

OS:Fedora release 21 (Twenty One)

uname:Linux 3.19.1-201.fc21.x86_64 #1 SMP Wed Mar 18 04:29:24 UTC 2015 x86_64
libc:glibc 2.20 NPTL 2.20 
rlimit: STACK 8192k, CORE 0k, NPROC 4096, NOFILE 4096, AS infinity
load average:1.49 3.01 3.30

/proc/meminfo:
MemTotal:        3931156 kB
MemFree:          120092 kB
MemAvailable:      78916 kB
Buffers:            1076 kB
Cached:           916880 kB
SwapCached:        28672 kB
Active:          2827344 kB
Inactive:         795368 kB
Active(anon):    2804436 kB
Inactive(anon):   771088 kB
Active(file):      22908 kB
Inactive(file):    24280 kB
Unevictable:          16 kB
Mlocked:              16 kB
SwapTotal:       4079612 kB
SwapFree:            500 kB
Dirty:              3724 kB
Writeback:             0 kB
AnonPages:       2676564 kB
Mapped:            76324 kB
Shmem:            870464 kB
Slab:              88572 kB
SReclaimable:      39388 kB
SUnreclaim:        49184 kB
KernelStack:        7824 kB
PageTables:        38124 kB
NFS_Unstable:          0 kB
Bounce:                0 kB
WritebackTmp:          0 kB
CommitLimit:     6045188 kB
Committed_AS:   11110780 kB
VmallocTotal:   34359738367 kB
VmallocUsed:      368320 kB
VmallocChunk:   34359297684 kB
HardwareCorrupted:     0 kB
AnonHugePages:         0 kB
HugePages_Total:       0
HugePages_Free:        0
HugePages_Rsvd:        0
HugePages_Surp:        0
Hugepagesize:       2048 kB
DirectMap4k:      170296 kB
DirectMap2M:     3907584 kB


CPU:total 4 (2 cores per cpu, 2 threads per core) family 6 model 58 stepping 9, cmov, cx8, fxsr, mmx, sse, sse2, sse3, ssse3, sse4.1, sse4.2, popcnt, avx, aes, clmul, erms, ht, tsc, tscinvbit, tscinv

/proc/cpuinfo:
processor	: 0
vendor_id	: GenuineIntel
cpu family	: 6
model		: 58
model name	: Intel(R) Core(TM) i5-3317U CPU @ 1.70GHz
stepping	: 9
microcode	: 0x1b
cpu MHz		: 2409.683
cache size	: 3072 KB
physical id	: 0
siblings	: 4
core id		: 0
cpu cores	: 2
apicid		: 0
initial apicid	: 0
fpu		: yes
fpu_exception	: yes
cpuid level	: 13
wp		: yes
flags		: fpu vme de pse tsc msr pae mce cx8 apic sep mtrr pge mca cmov pat pse36 clflush dts acpi mmx fxsr sse sse2 ss ht tm pbe syscall nx rdtscp lm constant_tsc arch_perfmon pebs bts rep_good nopl xtopology nonstop_tsc aperfmperf eagerfpu pni pclmulqdq dtes64 monitor ds_cpl vmx est tm2 ssse3 cx16 xtpr pdcm pcid sse4_1 sse4_2 x2apic popcnt tsc_deadline_timer aes xsave avx f16c rdrand lahf_lm ida arat epb pln pts dtherm tpr_shadow vnmi flexpriority ept vpid fsgsbase smep erms xsaveopt
bugs		:
bogomips	: 3392.13
clflush size	: 64
cache_alignment	: 64
address sizes	: 36 bits physical, 48 bits virtual
power management:

processor	: 1
vendor_id	: GenuineIntel
cpu family	: 6
model		: 58
model name	: Intel(R) Core(TM) i5-3317U CPU @ 1.70GHz
stepping	: 9
microcode	: 0x1b
cpu MHz		: 1974.324
cache size	: 3072 KB
physical id	: 0
siblings	: 4
core id		: 1
cpu cores	: 2
apicid		: 2
initial apicid	: 2
fpu		: yes
fpu_exception	: yes
cpuid level	: 13
wp		: yes
flags		: fpu vme de pse tsc msr pae mce cx8 apic sep mtrr pge mca cmov pat pse36 clflush dts acpi mmx fxsr sse sse2 ss ht tm pbe syscall nx rdtscp lm constant_tsc arch_perfmon pebs bts rep_good nopl xtopology nonstop_tsc aperfmperf eagerfpu pni pclmulqdq dtes64 monitor ds_cpl vmx est tm2 ssse3 cx16 xtpr pdcm pcid sse4_1 sse4_2 x2apic popcnt tsc_deadline_timer aes xsave avx f16c rdrand lahf_lm ida arat epb pln pts dtherm tpr_shadow vnmi flexpriority ept vpid fsgsbase smep erms xsaveopt
bugs		:
bogomips	: 3392.13
clflush size	: 64
cache_alignment	: 64
address sizes	: 36 bits physical, 48 bits virtual
power management:

processor	: 2
vendor_id	: GenuineIntel
cpu family	: 6
model		: 58
model name	: Intel(R) Core(TM) i5-3317U CPU @ 1.70GHz
stepping	: 9
microcode	: 0x1b
cpu MHz		: 2399.988
cache size	: 3072 KB
physical id	: 0
siblings	: 4
core id		: 0
cpu cores	: 2
apicid		: 1
initial apicid	: 1
fpu		: yes
fpu_exception	: yes
cpuid level	: 13
wp		: yes
flags		: fpu vme de pse tsc msr pae mce cx8 apic sep mtrr pge mca cmov pat pse36 clflush dts acpi mmx fxsr sse sse2 ss ht tm pbe syscall nx rdtscp lm constant_tsc arch_perfmon pebs bts rep_good nopl xtopology nonstop_tsc aperfmperf eagerfpu pni pclmulqdq dtes64 monitor ds_cpl vmx est tm2 ssse3 cx16 xtpr pdcm pcid sse4_1 sse4_2 x2apic popcnt tsc_deadline_timer aes xsave avx f16c rdrand lahf_lm ida arat epb pln pts dtherm tpr_shadow vnmi flexpriority ept vpid fsgsbase smep erms xsaveopt
bugs		:
bogomips	: 3392.13
clflush size	: 64
cache_alignment	: 64
address sizes	: 36 bits physical, 48 bits virtual
power management:

processor	: 3
vendor_id	: GenuineIntel
cpu family	: 6
model		: 58
model name	: Intel(R) Core(TM) i5-3317U CPU @ 1.70GHz
stepping	: 9
microcode	: 0x1b
cpu MHz		: 1266.433
cache size	: 3072 KB
physical id	: 0
siblings	: 4
core id		: 1
cpu cores	: 2
apicid		: 3
initial apicid	: 3
fpu		: yes
fpu_exception	: yes
cpuid level	: 13
wp		: yes
flags		: fpu vme de pse tsc msr pae mce cx8 apic sep mtrr pge mca cmov pat pse36 clflush dts acpi mmx fxsr sse sse2 ss ht tm pbe syscall nx rdtscp lm constant_tsc arch_perfmon pebs bts rep_good nopl xtopology nonstop_tsc aperfmperf eagerfpu pni pclmulqdq dtes64 monitor ds_cpl vmx est tm2 ssse3 cx16 xtpr pdcm pcid sse4_1 sse4_2 x2apic popcnt tsc_deadline_timer aes xsave avx f16c rdrand lahf_lm ida arat epb pln pts dtherm tpr_shadow vnmi flexpriority ept vpid fsgsbase smep erms xsaveopt
bugs		:
bogomips	: 3392.13
clflush size	: 64
cache_alignment	: 64
address sizes	: 36 bits physical, 48 bits virtual
power management:



Memory: 4k page, physical 3931156k(120092k free), swap 4079612k(500k free)

vm_info: OpenJDK 64-Bit Server VM (25.31-b07) for linux-amd64 JRE (1.8.0_31-b13), built on Feb 13 2015 14:09:38 by "mockbuild" with gcc 4.9.2 20141101 (Red Hat 4.9.2-1)

time: Sun Mar 29 16:48:27 2015
elapsed time: 10268 seconds (0d 2h 51m 8s)

